Stockfish initialized from ./stockfish.exe
Error in get_win_probability: bad operand type for unary -: 'NoneType'
Stockfish engine closed
Stockfish initialized from ./stockfish.exe
Hint requested: player_color=Black, turn=Black, FEN=8/k7/8/8/2K5/8/8/1R6 b - - 32 105
Hint for Black (direct): a7a8
Stockfish engine closed
Stockfish initialized from ./stockfish.exe
Player moved: a7a8, turn=White, FEN=k7/8/8/8/2K5/8/8/1R6 w - - 33 106
AI moved: c4c5, turn=Black, FEN=k7/8/8/2K5/8/8/8/1R6 b - - 34 106
Saved game to database: game_id=27, user_id=5
Cleaned up old games
Error in get_win_probability: bad operand type for unary -: 'NoneType'
Stockfish engine closed
Stockfish initialized from ./stockfish.exe
Hint requested: player_color=Black, turn=Black, FEN=k7/8/8/2K5/8/8/8/1R6 b - - 34 106
Hint for Black (direct): a8a7
Stockfish engine closed
Stockfish initialized from ./stockfish.exe
Player moved: a8a7, turn=White, FEN=8/k7/8/2K5/8/8/8/1R6 w - - 35 107
AI moved: c5c6, turn=Black, FEN=8/k7/2K5/8/8/8/8/1R6 b - - 36 107
Saved game to database: game_id=27, user_id=5
Cleaned up old games
Error in get_win_probability: bad operand type for unary -: 'NoneType'
Stockfish engine closed
Stockfish initialized from ./stockfish.exe
Hint requested: player_color=Black, turn=Black, FEN=8/k7/2K5/8/8/8/8/1R6 b - - 36 107
Hint for Black (direct): a7a8
Stockfish engine closed
Stockfish initialized from ./stockfish.exe
Player moved: a7a8, turn=White, FEN=k7/8/2K5/8/8/8/8/1R6 w - - 37 108
AI moved: c6c7, turn=Black, FEN=k7/2K5/8/8/8/8/8/1R6 b - - 38 108
Saved game to database: game_id=27, user_id=5
Cleaned up old games
Error in get_win_probability: bad operand type for unary -: 'NoneType'
Stockfish engine closed
Stockfish initialized from ./stockfish.exe
Hint requested: player_color=Black, turn=Black, FEN=k7/2K5/8/8/8/8/8/1R6 b - - 38 108
Hint for Black (direct): a8a7
Stockfish engine closed
Stockfish initialized from ./stockfish.exe
Player moved: a8a7, turn=White, FEN=8/k1K5/8/8/8/8/8/1R6 w - - 39 109
AI moved: b1a1, turn=Black, FEN=8/k1K5/8/8/8/8/8/R7 b - - 40 109
Saved game to database: game_id=27, user_id=5
Cleaned up old games
Error in get_win_probability: bad operand type for unary -: 'NoneType'
Stockfish engine closed
Stockfish initialized from ./stockfish.exe
Stockfish engine closed
Stockfish initialized from ./stockfish.exe
Stockfish difficulty set to Medium (Skill Level: 10)
Reset: player_color=White, turn=White, FEN=rnbqkbnr/pppppppp/8/8/8/8/PPPPPPPP/RNBQKBNR w KQkq - 0 1
Saved game to database: game_id=28, user_id=5
Cleaned up old games
Stockfish engine closed
Retrieved 4 games for user_id=5
Loaded game from database: game_id=26, user_id=5
Stockfish initialized from ./stockfish.exe
Stockfish engine closed
Retrieved 4 games for user_id=5
Loaded game from database: game_id=25, user_id=5
Stockfish initialized from ./stockfish.exe
Stockfish engine closed
Stockfish initialized from ./stockfish.exe
Hint requested: player_color=White, turn=White, FEN=r2q1rk1/pp2bppp/2npbn2/2p1p3/P1B1P3/2NP1P2/1PPN2PP/R1BQ1RK1 w - - 3 10
Hint for White (direct): g1h1
Stockfish engine closed
Stockfish initialized from ./stockfish.exe
Player moved: g1h1, turn=Black, FEN=r2q1rk1/pp2bppp/2npbn2/2p1p3/P1B1P3/2NP1P2/1PPN2PP/R1BQ1R1K b - - 4 10
AI moved: d8d7, turn=White, FEN=r4rk1/pp1qbppp/2npbn2/2p1p3/P1B1P3/2NP1P2/1PPN2PP/R1BQ1R1K w - - 5 11
Saved game to database: game_id=25, user_id=5
Cleaned up old games
Stockfish engine closed
Stockfish initialized from ./stockfish.exe
Hint requested: player_color=White, turn=White, FEN=r4rk1/pp1qbppp/2npbn2/2p1p3/P1B1P3/2NP1P2/1PPN2PP/R1BQ1R1K w - - 5 11
Hint for White (direct): f1e1
Stockfish engine closed
Stockfish initialized from ./stockfish.exe
Player moved: f1e1, turn=Black, FEN=r4rk1/pp1qbppp/2npbn2/2p1p3/P1B1P3/2NP1P2/1PPN2PP/R1BQR2K b - - 6 11
AI moved: b7b6, turn=White, FEN=r4rk1/p2qbppp/1pnpbn2/2p1p3/P1B1P3/2NP1P2/1PPN2PP/R1BQR2K w - - 0 12
Saved game to database: game_id=25, user_id=5
Cleaned up old games
Stockfish engine closed
Stockfish initialized from ./stockfish.exe
Hint requested: player_color=White, turn=White, FEN=r4rk1/p2qbppp/1pnpbn2/2p1p3/P1B1P3/2NP1P2/1PPN2PP/R1BQR2K w - - 0 12
Hint for White (direct): g2g4
Stockfish engine closed
Stockfish initialized from ./stockfish.exe
Player moved: g2g4, turn=Black, FEN=r4rk1/p2qbppp/1pnpbn2/2p1p3/P1B1P1P1/2NP1P2/1PPN3P/R1BQR2K b - - 0 12
AI moved: d6d5, turn=White, FEN=r4rk1/p2qbppp/1pn1bn2/2ppp3/P1B1P1P1/2NP1P2/1PPN3P/R1BQR2K w - - 0 13
Saved game to database: game_id=25, user_id=5
Cleaned up old games
Stockfish engine closed
Stockfish initialized from ./stockfish.exe
Hint requested: player_color=White, turn=White, FEN=r4rk1/p2qbppp/1pn1bn2/2ppp3/P1B1P1P1/2NP1P2/1PPN3P/R1BQR2K w - - 0 13
Hint for White (direct): e4d5
Stockfish engine closed
Stockfish initialized from ./stockfish.exe
Player moved: e4d5, turn=Black, FEN=r4rk1/p2qbppp/1pn1bn2/2pPp3/P1B3P1/2NP1P2/1PPN3P/R1BQR2K b - - 0 13
AI moved: f6d5, turn=White, FEN=r4rk1/p2qbppp/1pn1b3/2pnp3/P1B3P1/2NP1P2/1PPN3P/R1BQR2K w - - 0 14
Saved game to database: game_id=25, user_id=5
Cleaned up old games
Stockfish engine closed
Stockfish initialized from ./stockfish.exe
Hint requested: player_color=White, turn=White, FEN=r4rk1/p2qbppp/1pn1b3/2pnp3/P1B3P1/2NP1P2/1PPN3P/R1BQR2K w - - 0 14
Hint for White (direct): c3d5
Stockfish engine closed
Stockfish initialized from ./stockfish.exe
Player moved: c3d5, turn=Black, FEN=r4rk1/p2qbppp/1pn1b3/2pNp3/P1B3P1/3P1P2/1PPN3P/R1BQR2K b - - 0 14
AI moved: e6d5, turn=White, FEN=r4rk1/p2qbppp/1pn5/2pbp3/P1B3P1/3P1P2/1PPN3P/R1BQR2K w - - 0 15
Saved game to database: game_id=25, user_id=5
Cleaned up old games
Stockfish engine closed
Stockfish initialized from ./stockfish.exe
Hint requested: player_color=White, turn=White, FEN=r4rk1/p2qbppp/1pn5/2pbp3/P1B3P1/3P1P2/1PPN3P/R1BQR2K w - - 0 15
Hint for White (direct): c4d5
Stockfish engine closed
Stockfish initialized from ./stockfish.exe
Player moved: c4d5, turn=Black, FEN=r4rk1/p2qbppp/1pn5/2pBp3/P5P1/3P1P2/1PPN3P/R1BQR2K b - - 0 15
AI moved: d7d5, turn=White, FEN=r4rk1/p3bppp/1pn5/2pqp3/P5P1/3P1P2/1PPN3P/R1BQR2K w - - 0 16
Saved game to database: game_id=25, user_id=5
Cleaned up old games
Stockfish engine closed
Stockfish initialized from ./stockfish.exe
Hint requested: player_color=White, turn=White, FEN=r4rk1/p3bppp/1pn5/2pqp3/P5P1/3P1P2/1PPN3P/R1BQR2K w - - 0 16
Hint for White (direct): d2c4
Stockfish engine closed
Stockfish initialized from ./stockfish.exe
Player moved: d2c4, turn=Black, FEN=r4rk1/p3bppp/1pn5/2pqp3/P1N3P1/3P1P2/1PP4P/R1BQR2K b - - 1 16
AI moved: a8d8, turn=White, FEN=3r1rk1/p3bppp/1pn5/2pqp3/P1N3P1/3P1P2/1PP4P/R1BQR2K w - - 2 17
Saved game to database: game_id=25, user_id=5
Cleaned up old games
Stockfish engine closed
Stockfish initialized from ./stockfish.exe
Hint requested: player_color=White, turn=White, FEN=3r1rk1/p3bppp/1pn5/2pqp3/P1N3P1/3P1P2/1PP4P/R1BQR2K w - - 2 17
Hint for White (direct): e1e4
Stockfish engine closed
Stockfish initialized from ./stockfish.exe
Player moved: e1e4, turn=Black, FEN=3r1rk1/p3bppp/1pn5/2pqp3/P1N1R1P1/3P1P2/1PP4P/R1BQ3K b - - 3 17
AI moved: d5e6, turn=White, FEN=3r1rk1/p3bppp/1pn1q3/2p1p3/P1N1R1P1/3P1P2/1PP4P/R1BQ3K w - - 4 18
Saved game to database: game_id=25, user_id=5
Cleaned up old games
Stockfish engine closed
Stockfish initialized from ./stockfish.exe
Hint requested: player_color=White, turn=White, FEN=3r1rk1/p3bppp/1pn1q3/2p1p3/P1N1R1P1/3P1P2/1PP4P/R1BQ3K w - - 4 18
Hint for White (direct): c1f4
Stockfish engine closed
Stockfish initialized from ./stockfish.exe
Player moved: c1f4, turn=Black, FEN=3r1rk1/p3bppp/1pn1q3/2p1p3/P1N1RBP1/3P1P2/1PP4P/R2Q3K b - - 5 18
AI moved: f7f5, turn=White, FEN=3r1rk1/p3b1pp/1pn1q3/2p1pp2/P1N1RBP1/3P1P2/1PP4P/R2Q3K w - - 0 19
Saved game to database: game_id=25, user_id=5
Cleaned up old games
Stockfish engine closed
Stockfish initialized from ./stockfish.exe
Hint requested: player_color=White, turn=White, FEN=3r1rk1/p3b1pp/1pn1q3/2p1pp2/P1N1RBP1/3P1P2/1PP4P/R2Q3K w - - 0 19
Hint for White (direct): g4f5
Stockfish engine closed
Stockfish initialized from ./stockfish.exe
Player moved: g4f5, turn=Black, FEN=3r1rk1/p3b1pp/1pn1q3/2p1pP2/P1N1RB2/3P1P2/1PP4P/R2Q3K b - - 0 19
AI moved: f8f5, turn=White, FEN=3r2k1/p3b1pp/1pn1q3/2p1pr2/P1N1RB2/3P1P2/1PP4P/R2Q3K w - - 0 20
Saved game to database: game_id=25, user_id=5
Cleaned up old games
Stockfish engine closed
Stockfish initialized from ./stockfish.exe
Stockfish engine closed
Stockfish initialized from ./stockfish.exe
Stockfish engine closed
Stockfish initialized from ./stockfish.exe
Stockfish engine closed
Stockfish initialized from ./stockfish.exe
Hint requested: player_color=White, turn=White, FEN=3r2k1/p3b1pp/1pn1q3/2p1pr2/P1N1RB2/3P1P2/1PP4P/R2Q3K w - - 0 20
Hint for White (direct): f4e5
Stockfish engine closed
Stockfish initialized from ./stockfish.exe
Player moved: f4e5, turn=Black, FEN=3r2k1/p3b1pp/1pn1q3/2p1Br2/P1N1R3/3P1P2/1PP4P/R2Q3K b - - 0 20
AI moved: c6e5, turn=White, FEN=3r2k1/p3b1pp/1p2q3/2p1nr2/P1N1R3/3P1P2/1PP4P/R2Q3K w - - 0 21
Saved game to database: game_id=25, user_id=5
Cleaned up old games
Stockfish engine closed
Stockfish initialized from ./stockfish.exe
Hint requested: player_color=White, turn=White, FEN=3r2k1/p3b1pp/1p2q3/2p1nr2/P1N1R3/3P1P2/1PP4P/R2Q3K w - - 0 21
Hint for White (direct): d1e2
Stockfish engine closed
Stockfish initialized from ./stockfish.exe
Player moved: d1e2, turn=Black, FEN=3r2k1/p3b1pp/1p2q3/2p1nr2/P1N1R3/3P1P2/1PP1Q2P/R6K b - - 1 21
AI moved: e7f6, turn=White, FEN=3r2k1/p5pp/1p2qb2/2p1nr2/P1N1R3/3P1P2/1PP1Q2P/R6K w - - 2 22
Saved game to database: game_id=25, user_id=5
Cleaned up old games
Stockfish engine closed
Stockfish initialized from ./stockfish.exe
Hint requested: player_color=White, turn=White, FEN=3r2k1/p5pp/1p2qb2/2p1nr2/P1N1R3/3P1P2/1PP1Q2P/R6K w - - 2 22
Hint for White (direct): f3f4
Stockfish engine closed
Stockfish initialized from ./stockfish.exe
Player moved: f3f4, turn=Black, FEN=3r2k1/p5pp/1p2qb2/2p1nr2/P1N1RP2/3P4/1PP1Q2P/R6K b - - 0 22
AI moved: e6c6, turn=White, FEN=3r2k1/p5pp/1pq2b2/2p1nr2/P1N1RP2/3P4/1PP1Q2P/R6K w - - 1 23
Saved game to database: game_id=25, user_id=5
Cleaned up old games
Stockfish engine closed
Stockfish initialized from ./stockfish.exe
Hint requested: player_color=White, turn=White, FEN=3r2k1/p5pp/1pq2b2/2p1nr2/P1N1RP2/3P4/1PP1Q2P/R6K w - - 1 23
Hint for White (direct): f4e5
Stockfish engine closed
Stockfish initialized from ./stockfish.exe
Player moved: f4e5, turn=Black, FEN=3r2k1/p5pp/1pq2b2/2p1Pr2/P1N1R3/3P4/1PP1Q2P/R6K b - - 0 23
AI moved: f6e5, turn=White, FEN=3r2k1/p5pp/1pq5/2p1br2/P1N1R3/3P4/1PP1Q2P/R6K w - - 0 24
Saved game to database: game_id=25, user_id=5
Cleaned up old games
Stockfish engine closed
Stockfish initialized from ./stockfish.exe
Hint requested: player_color=White, turn=White, FEN=3r2k1/p5pp/1pq5/2p1br2/P1N1R3/3P4/1PP1Q2P/R6K w - - 0 24
Hint for White (direct): a1f1
Stockfish engine closed
Stockfish initialized from ./stockfish.exe
Player moved: a1f1, turn=Black, FEN=3r2k1/p5pp/1pq5/2p1br2/P1N1R3/3P4/1PP1Q2P/5R1K b - - 1 24
AI moved: f5f1, turn=White, FEN=3r2k1/p5pp/1pq5/2p1b3/P1N1R3/3P4/1PP1Q2P/5r1K w - - 0 25
Saved game to database: game_id=25, user_id=5
Cleaned up old games
Stockfish engine closed
Retrieved 4 games for user_id=5
Loaded game from database: game_id=27, user_id=5
Stockfish initialized from ./stockfish.exe
Error in get_win_probability: bad operand type for unary -: 'NoneType'
Stockfish engine closed
Stockfish initialized from ./stockfish.exe
Error in get_win_probability: bad operand type for unary -: 'NoneType'
Stockfish engine closed
Stockfish initialized from ./stockfish.exe
Stockfish engine closed
Stockfish initialized from ./stockfish.exe
Stockfish difficulty set to Medium (Skill Level: 10)
Reset: player_color=White, turn=White, FEN=rnbqkbnr/pppppppp/8/8/8/8/PPPPPPPP/RNBQKBNR w KQkq - 0 1
Saved game to database: game_id=29, user_id=5
Cleaned up old games
Stockfish engine closed
Retrieved 5 games for user_id=5
Loaded game from database: game_id=28, user_id=5
Stockfish initialized from ./stockfish.exe
Stockfish engine closed
Stockfish initialized from ./stockfish.exe
Hint requested: player_color=White, turn=White, FEN=rnbqkbnr/pppppppp/8/8/8/8/PPPPPPPP/RNBQKBNR w KQkq - 0 1
Hint for White (direct): e2e4
Stockfish engine closed
Stockfish initialized from ./stockfish.exe
Player moved: e2e4, turn=Black, FEN=rnbqkbnr/pppppppp/8/8/4P3/8/PPPP1PPP/RNBQKBNR b KQkq - 0 1
AI moved: c7c5, turn=White, FEN=rnbqkbnr/pp1ppppp/8/2p5/4P3/8/PPPP1PPP/RNBQKBNR w KQkq - 0 2
Saved game to database: game_id=28, user_id=5
Cleaned up old games
Stockfish engine closed
Stockfish initialized from ./stockfish.exe
Hint requested: player_color=White, turn=White, FEN=rnbqkbnr/pp1ppppp/8/2p5/4P3/8/PPPP1PPP/RNBQKBNR w KQkq - 0 2
Hint for White (direct): g1f3
Stockfish engine closed
Stockfish initialized from ./stockfish.exe
Player moved: g1f3, turn=Black, FEN=rnbqkbnr/pp1ppppp/8/2p5/4P3/5N2/PPPP1PPP/RNBQKB1R b KQkq - 1 2
AI moved: d7d6, turn=White, FEN=rnbqkbnr/pp2pppp/3p4/2p5/4P3/5N2/PPPP1PPP/RNBQKB1R w KQkq - 0 3
Saved game to database: game_id=28, user_id=5
Cleaned up old games
Stockfish engine closed
Stockfish initialized from ./stockfish.exe
Hint requested: player_color=White, turn=White, FEN=rnbqkbnr/pp2pppp/3p4/2p5/4P3/5N2/PPPP1PPP/RNBQKB1R w KQkq - 0 3
Hint for White (direct): b1c3
Stockfish engine closed
Stockfish initialized from ./stockfish.exe
Player moved: b1c3, turn=Black, FEN=rnbqkbnr/pp2pppp/3p4/2p5/4P3/2N2N2/PPPP1PPP/R1BQKB1R b KQkq - 1 3
AI moved: e7e5, turn=White, FEN=rnbqkbnr/pp3ppp/3p4/2p1p3/4P3/2N2N2/PPPP1PPP/R1BQKB1R w KQkq - 0 4
Saved game to database: game_id=28, user_id=5
Cleaned up old games
Stockfish engine closed
Retrieved 5 games for user_id=5
Stockfish initialized from ./stockfish.exe
Hint requested: player_color=White, turn=White, FEN=rnbqkbnr/pp3ppp/3p4/2p1p3/4P3/2N2N2/PPPP1PPP/R1BQKB1R w KQkq - 0 4
Hint for White (direct): f1c4
Stockfish engine closed
Stockfish initialized from ./stockfish.exe
Player moved: f1c4, turn=Black, FEN=rnbqkbnr/pp3ppp/3p4/2p1p3/2B1P3/2N2N2/PPPP1PPP/R1BQK2R b KQkq - 1 4
AI moved: f8e7, turn=White, FEN=rnbqk1nr/pp2bppp/3p4/2p1p3/2B1P3/2N2N2/PPPP1PPP/R1BQK2R w KQkq - 2 5
Saved game to database: game_id=28, user_id=5
Cleaned up old games
Stockfish engine closed
Stockfish initialized from ./stockfish.exe
Stockfish engine closed
User logged in: username=sidd2084
Loaded most recent game for user_id=3: game_id=22
Stockfish initialized from ./stockfish.exe
Stockfish engine closed
Stockfish initialized from ./stockfish.exe
Stockfish engine closed
Stockfish initialized from ./stockfish.exe
Hint requested: player_color=White, turn=White, FEN=rnbqk1nr/pp2bppp/3p4/2p1p3/2B1P3/2N2N2/PPPP1PPP/R1BQK2R w KQkq - 2 5
Hint for White (direct): a2a4
Stockfish engine closed
Stockfish initialized from ./stockfish.exe
Player moved: a2a4, turn=Black, FEN=rnbqk1nr/pp2bppp/3p4/2p1p3/P1B1P3/2N2N2/1PPP1PPP/R1BQK2R b KQkq - 0 5
AI moved: g8f6, turn=White, FEN=rnbqk2r/pp2bppp/3p1n2/2p1p3/P1B1P3/2N2N2/1PPP1PPP/R1BQK2R w KQkq - 1 6
Saved game to database: game_id=28, user_id=5
Cleaned up old games
Stockfish engine closed
Stockfish initialized from ./stockfish.exe
Hint requested: player_color=White, turn=White, FEN=rnbqk2r/pp2bppp/3p1n2/2p1p3/P1B1P3/2N2N2/1PPP1PPP/R1BQK2R w KQkq - 1 6
Hint for White (direct): d2d3
Stockfish engine closed
Stockfish initialized from ./stockfish.exe
Hint requested: player_color=White, turn=White, FEN=rnbqk2r/pp2bppp/3p1n2/2p1p3/P1B1P3/2N2N2/1PPP1PPP/R1BQK2R w KQkq - 1 6
Hint for White (direct): d2d3
Stockfish engine closed
Stockfish initialized from ./stockfish.exe
Player moved: d2d3, turn=Black, FEN=rnbqk2r/pp2bppp/3p1n2/2p1p3/P1B1P3/2NP1N2/1PP2PPP/R1BQK2R b KQkq - 0 6
AI moved: b8c6, turn=White, FEN=r1bqk2r/pp2bppp/2np1n2/2p1p3/P1B1P3/2NP1N2/1PP2PPP/R1BQK2R w KQkq - 1 7
Saved game to database: game_id=28, user_id=5
Cleaned up old games
Stockfish engine closed
Stockfish initialized from ./stockfish.exe
Hint requested: player_color=White, turn=White, FEN=r1bqk2r/pp2bppp/2np1n2/2p1p3/P1B1P3/2NP1N2/1PP2PPP/R1BQK2R w KQkq - 1 7
Hint for White (direct): f3d2
Stockfish engine closed
Stockfish initialized from ./stockfish.exe
Player moved: f3d2, turn=Black, FEN=r1bqk2r/pp2bppp/2np1n2/2p1p3/P1B1P3/2NP4/1PPN1PPP/R1BQK2R b KQkq - 2 7
AI moved: c8g4, turn=White, FEN=r2qk2r/pp2bppp/2np1n2/2p1p3/P1B1P1b1/2NP4/1PPN1PPP/R1BQK2R w KQkq - 3 8
Saved game to database: game_id=28, user_id=5
Cleaned up old games
Stockfish engine closed
Stockfish initialized from ./stockfish.exe
Hint requested: player_color=White, turn=White, FEN=r2qk2r/pp2bppp/2np1n2/2p1p3/P1B1P1b1/2NP4/1PPN1PPP/R1BQK2R w KQkq - 3 8
Hint for White (direct): f2f3
Stockfish engine closed
Stockfish initialized from ./stockfish.exe
Player moved: f2f3, turn=Black, FEN=r2qk2r/pp2bppp/2np1n2/2p1p3/P1B1P1b1/2NP1P2/1PPN2PP/R1BQK2R b KQkq - 0 8
AI moved: g4e6, turn=White, FEN=r2qk2r/pp2bppp/2npbn2/2p1p3/P1B1P3/2NP1P2/1PPN2PP/R1BQK2R w KQkq - 1 9
Saved game to database: game_id=28, user_id=5
Cleaned up old games
Stockfish engine closed
Stockfish initialized from ./stockfish.exe
Hint requested: player_color=White, turn=White, FEN=r2qk2r/pp2bppp/2npbn2/2p1p3/P1B1P3/2NP1P2/1PPN2PP/R1BQK2R w KQkq - 1 9
Hint for White (direct): e1g1
Stockfish engine closed
Stockfish initialized from ./stockfish.exe
Player moved: e1g1, turn=Black, FEN=r2qk2r/pp2bppp/2npbn2/2p1p3/P1B1P3/2NP1P2/1PPN2PP/R1BQ1RK1 b kq - 2 9
AI moved: d6d5, turn=White, FEN=r2qk2r/pp2bppp/2n1bn2/2ppp3/P1B1P3/2NP1P2/1PPN2PP/R1BQ1RK1 w kq - 0 10
Saved game to database: game_id=28, user_id=5
Cleaned up old games
Stockfish engine closed
Stockfish initialized from ./stockfish.exe
Hint requested: player_color=White, turn=White, FEN=r2qk2r/pp2bppp/2n1bn2/2ppp3/P1B1P3/2NP1P2/1PPN2PP/R1BQ1RK1 w kq - 0 10
Hint for White (direct): e4d5
Stockfish engine closed
Stockfish initialized from ./stockfish.exe
Player moved: e4d5, turn=Black, FEN=r2qk2r/pp2bppp/2n1bn2/2pPp3/P1B5/2NP1P2/1PPN2PP/R1BQ1RK1 b kq - 0 10
AI moved: f6d5, turn=White, FEN=r2qk2r/pp2bppp/2n1b3/2pnp3/P1B5/2NP1P2/1PPN2PP/R1BQ1RK1 w kq - 0 11
Saved game to database: game_id=28, user_id=5
Cleaned up old games
Stockfish engine closed
Stockfish initialized from ./stockfish.exe
Hint requested: player_color=White, turn=White, FEN=r2qk2r/pp2bppp/2n1b3/2pnp3/P1B5/2NP1P2/1PPN2PP/R1BQ1RK1 w kq - 0 11
Hint for White (direct): c3d5
Stockfish engine closed
Stockfish initialized from ./stockfish.exe
Player moved: c3d5, turn=Black, FEN=r2qk2r/pp2bppp/2n1b3/2pNp3/P1B5/3P1P2/1PPN2PP/R1BQ1RK1 b kq - 0 11
AI moved: e6d5, turn=White, FEN=r2qk2r/pp2bppp/2n5/2pbp3/P1B5/3P1P2/1PPN2PP/R1BQ1RK1 w kq - 0 12
Saved game to database: game_id=28, user_id=5
Cleaned up old games
Stockfish engine closed
Stockfish initialized from ./stockfish.exe
Hint requested: player_color=White, turn=White, FEN=r2qk2r/pp2bppp/2n5/2pbp3/P1B5/3P1P2/1PPN2PP/R1BQ1RK1 w kq - 0 12
Hint for White (direct): b2b3
Stockfish engine closed
Stockfish initialized from ./stockfish.exe
Player moved: b2b4, turn=Black, FEN=r2qk2r/pp2bppp/2n5/2pbp3/PPB5/3P1P2/2PN2PP/R1BQ1RK1 b kq - 0 12
AI moved: c5b4, turn=White, FEN=r2qk2r/pp2bppp/2n5/3bp3/PpB5/3P1P2/2PN2PP/R1BQ1RK1 w kq - 0 13
Saved game to database: game_id=28, user_id=5
Cleaned up old games
Stockfish engine closed
Stockfish initialized from ./stockfish.exe
Hint requested: player_color=White, turn=White, FEN=r2qk2r/pp2bppp/2n5/3bp3/PpB5/3P1P2/2PN2PP/R1BQ1RK1 w kq - 0 13
Hint for White (direct): c1b2
Stockfish engine closed
Stockfish initialized from ./stockfish.exe
Player moved: c1b2, turn=Black, FEN=r2qk2r/pp2bppp/2n5/3bp3/PpB5/3P1P2/1BPN2PP/R2Q1RK1 b kq - 1 13
AI moved: e8g8, turn=White, FEN=r2q1rk1/pp2bppp/2n5/3bp3/PpB5/3P1P2/1BPN2PP/R2Q1RK1 w - - 2 14
Saved game to database: game_id=28, user_id=5
Cleaned up old games
Stockfish engine closed
Stockfish initialized from ./stockfish.exe
Hint requested: player_color=White, turn=White, FEN=r2q1rk1/pp2bppp/2n5/3bp3/PpB5/3P1P2/1BPN2PP/R2Q1RK1 w - - 2 14
Hint for White (direct): f3f4
Stockfish engine closed
Stockfish initialized from ./stockfish.exe
Player moved: f3f4, turn=Black, FEN=r2q1rk1/pp2bppp/2n5/3bp3/PpB2P2/3P4/1BPN2PP/R2Q1RK1 b - - 0 14
AI moved: d5c4, turn=White, FEN=r2q1rk1/pp2bppp/2n5/4p3/Ppb2P2/3P4/1BPN2PP/R2Q1RK1 w - - 0 15
Saved game to database: game_id=28, user_id=5
Cleaned up old games
Stockfish engine closed
Stockfish initialized from ./stockfish.exe
Hint requested: player_color=White, turn=White, FEN=r2q1rk1/pp2bppp/2n5/4p3/Ppb2P2/3P4/1BPN2PP/R2Q1RK1 w - - 0 15
Hint for White (direct): d2c4
Stockfish engine closed
Stockfish initialized from ./stockfish.exe
Player moved: d2c4, turn=Black, FEN=r2q1rk1/pp2bppp/2n5/4p3/PpN2P2/3P4/1BP3PP/R2Q1RK1 b - - 0 15
AI moved: e5f4, turn=White, FEN=r2q1rk1/pp2bppp/2n5/8/PpN2p2/3P4/1BP3PP/R2Q1RK1 w - - 0 16
Saved game to database: game_id=28, user_id=5
Cleaned up old games
Stockfish engine closed
Stockfish initialized from ./stockfish.exe
Hint requested: player_color=White, turn=White, FEN=r2q1rk1/pp2bppp/2n5/8/PpN2p2/3P4/1BP3PP/R2Q1RK1 w - - 0 16
Hint for White (direct): f1f4
Stockfish engine closed
Stockfish initialized from ./stockfish.exe
Player moved: f1f4, turn=Black, FEN=r2q1rk1/pp2bppp/2n5/8/PpN2R2/3P4/1BP3PP/R2Q2K1 b - - 0 16
AI moved: f7f5, turn=White, FEN=r2q1rk1/pp2b1pp/2n5/5p2/PpN2R2/3P4/1BP3PP/R2Q2K1 w - - 0 17
Saved game to database: game_id=28, user_id=5
Cleaned up old games
Stockfish engine closed
Stockfish initialized from ./stockfish.exe
Hint requested: player_color=White, turn=White, FEN=r2q1rk1/pp2b1pp/2n5/5p2/PpN2R2/3P4/1BP3PP/R2Q2K1 w - - 0 17
Hint for White (direct): d1f3
Stockfish engine closed
Stockfish initialized from ./stockfish.exe
Player moved: d1f3, turn=Black, FEN=r2q1rk1/pp2b1pp/2n5/5p2/PpN2R2/3P1Q2/1BP3PP/R5K1 b - - 1 17
AI moved: g7g6, turn=White, FEN=r2q1rk1/pp2b2p/2n3p1/5p2/PpN2R2/3P1Q2/1BP3PP/R5K1 w - - 0 18
Saved game to database: game_id=28, user_id=5
Cleaned up old games
Stockfish engine closed
Stockfish initialized from ./stockfish.exe
Hint requested: player_color=White, turn=White, FEN=r2q1rk1/pp2b2p/2n3p1/5p2/PpN2R2/3P1Q2/1BP3PP/R5K1 w - - 0 18
Hint for White (direct): d3d4
Stockfish engine closed
Stockfish initialized from ./stockfish.exe
Player moved: d3d4, turn=Black, FEN=r2q1rk1/pp2b2p/2n3p1/5p2/PpNP1R2/5Q2/1BP3PP/R5K1 b - - 0 18
AI moved: e7g5, turn=White, FEN=r2q1rk1/pp5p/2n3p1/5pb1/PpNP1R2/5Q2/1BP3PP/R5K1 w - - 1 19
Saved game to database: game_id=28, user_id=5
Cleaned up old games
Stockfish engine closed
Stockfish initialized from ./stockfish.exe
Hint requested: player_color=White, turn=White, FEN=r2q1rk1/pp5p/2n3p1/5pb1/PpNP1R2/5Q2/1BP3PP/R5K1 w - - 1 19
Hint for White (direct): d4d5
Stockfish engine closed
Stockfish initialized from ./stockfish.exe
Player moved: d4d5, turn=Black, FEN=r2q1rk1/pp5p/2n3p1/3P1pb1/PpN2R2/5Q2/1BP3PP/R5K1 b - - 0 19
AI moved: g5f4, turn=White, FEN=r2q1rk1/pp5p/2n3p1/3P1p2/PpN2b2/5Q2/1BP3PP/R5K1 w - - 0 20
Saved game to database: game_id=28, user_id=5
Cleaned up old games
Stockfish engine closed
Stockfish initialized from ./stockfish.exe
Hint requested: player_color=White, turn=White, FEN=r2q1rk1/pp5p/2n3p1/3P1p2/PpN2b2/5Q2/1BP3PP/R5K1 w - - 0 20
Hint for White (direct): d5c6
Stockfish engine closed
Stockfish initialized from ./stockfish.exe
Player moved: d5c6, turn=Black, FEN=r2q1rk1/pp5p/2P3p1/5p2/PpN2b2/5Q2/1BP3PP/R5K1 b - - 0 20
AI moved: d8h4, turn=White, FEN=r4rk1/pp5p/2P3p1/5p2/PpN2b1q/5Q2/1BP3PP/R5K1 w - - 1 21
Saved game to database: game_id=28, user_id=5
Cleaned up old games
Stockfish engine closed
Stockfish initialized from ./stockfish.exe
Hint requested: player_color=White, turn=White, FEN=r4rk1/pp5p/2P3p1/5p2/PpN2b1q/5Q2/1BP3PP/R5K1 w - - 1 21
Hint for White (direct): g2g3
Stockfish engine closed
Stockfish initialized from ./stockfish.exe
Player moved: g2g3, turn=Black, FEN=r4rk1/pp5p/2P3p1/5p2/PpN2b1q/5QP1/1BP4P/R5K1 b - - 0 21
AI moved: f4g3, turn=White, FEN=r4rk1/pp5p/2P3p1/5p2/PpN4q/5Qb1/1BP4P/R5K1 w - - 0 22
Saved game to database: game_id=28, user_id=5
Cleaned up old games
Stockfish engine closed
Stockfish initialized from ./stockfish.exe
Hint requested: player_color=White, turn=White, FEN=r4rk1/pp5p/2P3p1/5p2/PpN4q/5Qb1/1BP4P/R5K1 w - - 0 22
Hint for White (direct): f3g3
Stockfish engine closed
Stockfish initialized from ./stockfish.exe
Player moved: f3g3, turn=Black, FEN=r4rk1/pp5p/2P3p1/5p2/PpN4q/6Q1/1BP4P/R5K1 b - - 0 22
AI moved: h4g3, turn=White, FEN=r4rk1/pp5p/2P3p1/5p2/PpN5/6q1/1BP4P/R5K1 w - - 0 23
Saved game to database: game_id=28, user_id=5
Cleaned up old games
Stockfish engine closed
Stockfish initialized from ./stockfish.exe
Hint requested: player_color=White, turn=White, FEN=r4rk1/pp5p/2P3p1/5p2/PpN5/6q1/1BP4P/R5K1 w - - 0 23
Hint for White (direct): h2g3
Stockfish engine closed
Stockfish initialized from ./stockfish.exe
Player moved: h2g3, turn=Black, FEN=r4rk1/pp5p/2P3p1/5p2/PpN5/6P1/1BP5/R5K1 b - - 0 23
AI moved: b7c6, turn=White, FEN=r4rk1/p6p/2p3p1/5p2/PpN5/6P1/1BP5/R5K1 w - - 0 24
Saved game to database: game_id=28, user_id=5
Cleaned up old games
Stockfish engine closed
Stockfish initialized from ./stockfish.exe
Hint requested: player_color=White, turn=White, FEN=r4rk1/p6p/2p3p1/5p2/PpN5/6P1/1BP5/R5K1 w - - 0 24
Hint for White (direct): c4e5
Stockfish engine closed
Stockfish initialized from ./stockfish.exe
Player moved: c4e5, turn=Black, FEN=r4rk1/p6p/2p3p1/4Np2/Pp6/6P1/1BP5/R5K1 b - - 1 24
AI moved: c6c5, turn=White, FEN=r4rk1/p6p/6p1/2p1Np2/Pp6/6P1/1BP5/R5K1 w - - 0 25
Saved game to database: game_id=28, user_id=5
Cleaned up old games
Stockfish engine closed
Stockfish initialized from ./stockfish.exe
Hint requested: player_color=White, turn=White, FEN=r4rk1/p6p/6p1/2p1Np2/Pp6/6P1/1BP5/R5K1 w - - 0 25
Hint for White (direct): e5d7
Stockfish engine closed
Stockfish initialized from ./stockfish.exe
Player moved: e5d7, turn=Black, FEN=r4rk1/p2N3p/6p1/2p2p2/Pp6/6P1/1BP5/R5K1 b - - 1 25
AI moved: f8d8, turn=White, FEN=r2r2k1/p2N3p/6p1/2p2p2/Pp6/6P1/1BP5/R5K1 w - - 2 26
Saved game to database: game_id=28, user_id=5
Cleaned up old games
Stockfish engine closed
Stockfish initialized from ./stockfish.exe
Hint requested: player_color=White, turn=White, FEN=r2r2k1/p2N3p/6p1/2p2p2/Pp6/6P1/1BP5/R5K1 w - - 2 26
Hint for White (direct): d7f6
Stockfish engine closed
Stockfish initialized from ./stockfish.exe
Player moved: d7f6, turn=Black, FEN=r2r2k1/p6p/5Np1/2p2p2/Pp6/6P1/1BP5/R5K1 b - - 3 26
AI moved: g8f7, turn=White, FEN=r2r4/p4k1p/5Np1/2p2p2/Pp6/6P1/1BP5/R5K1 w - - 4 27
Saved game to database: game_id=28, user_id=5
Cleaned up old games
Stockfish engine closed
Stockfish initialized from ./stockfish.exe
Hint requested: player_color=White, turn=White, FEN=r2r4/p4k1p/5Np1/2p2p2/Pp6/6P1/1BP5/R5K1 w - - 4 27
Hint for White (direct): f6h7
Stockfish engine closed
Stockfish initialized from ./stockfish.exe
Player moved: f6h7, turn=Black, FEN=r2r4/p4k1N/6p1/2p2p2/Pp6/6P1/1BP5/R5K1 b - - 0 27
AI moved: d8d2, turn=White, FEN=r7/p4k1N/6p1/2p2p2/Pp6/6P1/1BPr4/R5K1 w - - 1 28
Saved game to database: game_id=28, user_id=5
Cleaned up old games
Stockfish engine closed
Stockfish initialized from ./stockfish.exe
Hint requested: player_color=White, turn=White, FEN=r7/p4k1N/6p1/2p2p2/Pp6/6P1/1BPr4/R5K1 w - - 1 28
Hint for White (direct): a1e1
Stockfish engine closed
Stockfish initialized from ./stockfish.exe
Hint requested: player_color=White, turn=White, FEN=r7/p4k1N/6p1/2p2p2/Pp6/6P1/1BPr4/R5K1 w - - 1 28
Hint for White (direct): a1e1
Stockfish engine closed
Stockfish initialized from ./stockfish.exe
Hint requested: player_color=White, turn=White, FEN=r7/p4k1N/6p1/2p2p2/Pp6/6P1/1BPr4/R5K1 w - - 1 28
Hint for White (direct): a1e1
Stockfish engine closed
Stockfish initialized from ./stockfish.exe
Player moved: a1e1, turn=Black, FEN=r7/p4k1N/6p1/2p2p2/Pp6/6P1/1BPr4/4R1K1 b - - 2 28
AI moved: d2c2, turn=White, FEN=r7/p4k1N/6p1/2p2p2/Pp6/6P1/1Br5/4R1K1 w - - 0 29
Saved game to database: game_id=28, user_id=5
Cleaned up old games
Stockfish engine closed
Stockfish initialized from ./stockfish.exe
Hint requested: player_color=White, turn=White, FEN=r7/p4k1N/6p1/2p2p2/Pp6/6P1/1Br5/4R1K1 w - - 0 29
Hint for White (direct): h7g5
Stockfish engine closed
Stockfish initialized from ./stockfish.exe
Player moved: h7g5, turn=Black, FEN=r7/p4k2/6p1/2p2pN1/Pp6/6P1/1Br5/4R1K1 b - - 1 29
AI moved: f7g8, turn=White, FEN=r5k1/p7/6p1/2p2pN1/Pp6/6P1/1Br5/4R1K1 w - - 2 30
Saved game to database: game_id=28, user_id=5
Cleaned up old games
Stockfish engine closed
Stockfish initialized from ./stockfish.exe
Hint requested: player_color=White, turn=White, FEN=r5k1/p7/6p1/2p2pN1/Pp6/6P1/1Br5/4R1K1 w - - 2 30
Hint for White (direct): b2f6
Stockfish engine closed
Stockfish initialized from ./stockfish.exe
Player moved: b2f6, turn=Black, FEN=r5k1/p7/5Bp1/2p2pN1/Pp6/6P1/2r5/4R1K1 b - - 3 30
AI moved: a8f8, turn=White, FEN=5rk1/p7/5Bp1/2p2pN1/Pp6/6P1/2r5/4R1K1 w - - 4 31
Saved game to database: game_id=28, user_id=5
Cleaned up old games
Stockfish engine closed
Stockfish initialized from ./stockfish.exe
Hint requested: player_color=White, turn=White, FEN=5rk1/p7/5Bp1/2p2pN1/Pp6/6P1/2r5/4R1K1 w - - 4 31
Hint for White (direct): g5h7
Stockfish engine closed
Stockfish initialized from ./stockfish.exe
Player moved: g5h7, turn=Black, FEN=5rk1/p6N/5Bp1/2p2p2/Pp6/6P1/2r5/4R1K1 b - - 5 31
AI moved: g8h7, turn=White, FEN=5r2/p6k/5Bp1/2p2p2/Pp6/6P1/2r5/4R1K1 w - - 0 32
Saved game to database: game_id=28, user_id=5
Cleaned up old games
Stockfish engine closed
Stockfish initialized from ./stockfish.exe
Hint requested: player_color=White, turn=White, FEN=5r2/p6k/5Bp1/2p2p2/Pp6/6P1/2r5/4R1K1 w - - 0 32
Hint for White (direct): e1e7
Stockfish engine closed
Stockfish initialized from ./stockfish.exe
Player moved: e1e7, turn=Black, FEN=5r2/p3R2k/5Bp1/2p2p2/Pp6/6P1/2r5/6K1 b - - 1 32
AI moved: h7h6, turn=White, FEN=5r2/p3R3/5Bpk/2p2p2/Pp6/6P1/2r5/6K1 w - - 2 33
Saved game to database: game_id=28, user_id=5
Cleaned up old games
Stockfish engine closed
Stockfish initialized from ./stockfish.exe
Hint requested: player_color=White, turn=White, FEN=5r2/p3R3/5Bpk/2p2p2/Pp6/6P1/2r5/6K1 w - - 2 33
Hint for White (direct): f6g7
Stockfish engine closed
Stockfish initialized from ./stockfish.exe
Player moved: f6g7, turn=Black, FEN=5r2/p3R1B1/6pk/2p2p2/Pp6/6P1/2r5/6K1 b - - 3 33
AI moved: h6g5, turn=White, FEN=5r2/p3R1B1/6p1/2p2pk1/Pp6/6P1/2r5/6K1 w - - 4 34
Saved game to database: game_id=28, user_id=5
Cleaned up old games
Stockfish engine closed
Stockfish initialized from ./stockfish.exe
Hint requested: player_color=White, turn=White, FEN=5r2/p3R1B1/6p1/2p2pk1/Pp6/6P1/2r5/6K1 w - - 4 34
Hint for White (direct): g7f8
Stockfish engine closed
Stockfish initialized from ./stockfish.exe
Player moved: g7f8, turn=Black, FEN=5B2/p3R3/6p1/2p2pk1/Pp6/6P1/2r5/6K1 b - - 0 34
AI moved: b4b3, turn=White, FEN=5B2/p3R3/6p1/2p2pk1/P7/1p4P1/2r5/6K1 w - - 0 35
Saved game to database: game_id=28, user_id=5
Cleaned up old games
Stockfish engine closed
Stockfish initialized from ./stockfish.exe
Hint requested: player_color=White, turn=White, FEN=5B2/p3R3/6p1/2p2pk1/P7/1p4P1/2r5/6K1 w - - 0 35
Hint for White (direct): e7b7
Stockfish engine closed
Stockfish initialized from ./stockfish.exe
Player moved: e7b7, turn=Black, FEN=5B2/pR6/6p1/2p2pk1/P7/1p4P1/2r5/6K1 b - - 1 35
AI moved: b3b2, turn=White, FEN=5B2/pR6/6p1/2p2pk1/P7/6P1/1pr5/6K1 w - - 0 36
Saved game to database: game_id=28, user_id=5
Cleaned up old games
Stockfish engine closed
Stockfish initialized from ./stockfish.exe
Hint requested: player_color=White, turn=White, FEN=5B2/pR6/6p1/2p2pk1/P7/6P1/1pr5/6K1 w - - 0 36
Hint for White (direct): f8c5
Stockfish engine closed
Stockfish initialized from ./stockfish.exe
Hint requested: player_color=White, turn=White, FEN=5B2/pR6/6p1/2p2pk1/P7/6P1/1pr5/6K1 w - - 0 36
Hint for White (direct): f8c5
Stockfish engine closed
Stockfish initialized from ./stockfish.exe
Player moved: f8c5, turn=Black, FEN=8/pR6/6p1/2B2pk1/P7/6P1/1pr5/6K1 b - - 0 36
AI moved: c2c5, turn=White, FEN=8/pR6/6p1/2r2pk1/P7/6P1/1p6/6K1 w - - 0 37
Saved game to database: game_id=28, user_id=5
Cleaned up old games
Stockfish engine closed
Retrieved 5 games for user_id=5
Stockfish initialized from ./stockfish.exe
Hint requested: player_color=White, turn=White, FEN=8/pR6/6p1/2r2pk1/P7/6P1/1p6/6K1 w - - 0 37
Hint for White (direct): b7b2
Stockfish engine closed
Stockfish initialized from ./stockfish.exe
Player moved: b7b2, turn=Black, FEN=8/p7/6p1/2r2pk1/P7/6P1/1R6/6K1 b - - 0 37
AI moved: c5c4, turn=White, FEN=8/p7/6p1/5pk1/P1r5/6P1/1R6/6K1 w - - 1 38
Saved game to database: game_id=28, user_id=5
Cleaned up old games
Stockfish engine closed
Retrieved 5 games for user_id=5
Stockfish initialized from ./stockfish.exe
Hint requested: player_color=White, turn=White, FEN=8/p7/6p1/5pk1/P1r5/6P1/1R6/6K1 w - - 1 38
Hint for White (direct): a4a5
Stockfish engine closed
Stockfish initialized from ./stockfish.exe
Player moved: a4a5, turn=Black, FEN=8/p7/6p1/P4pk1/2r5/6P1/1R6/6K1 b - - 0 38
AI moved: c4a4, turn=White, FEN=8/p7/6p1/P4pk1/r7/6P1/1R6/6K1 w - - 1 39
Saved game to database: game_id=28, user_id=5
Cleaned up old games
Stockfish engine closed
Stockfish initialized from ./stockfish.exe
Hint requested: player_color=White, turn=White, FEN=8/p7/6p1/P4pk1/r7/6P1/1R6/6K1 w - - 1 39
Hint for White (direct): g1g2
Stockfish engine closed
Stockfish initialized from ./stockfish.exe
Player moved: g1g2, turn=Black, FEN=8/p7/6p1/P4pk1/r7/6P1/1R4K1/8 b - - 2 39
AI moved: g5g4, turn=White, FEN=8/p7/6p1/P4p2/r5k1/6P1/1R4K1/8 w - - 3 40
Saved game to database: game_id=28, user_id=5
Cleaned up old games
Stockfish engine closed
Stockfish initialized from ./stockfish.exe
Hint requested: player_color=White, turn=White, FEN=8/p7/6p1/P4p2/r5k1/6P1/1R4K1/8 w - - 3 40
Hint for White (direct): a5a6
Stockfish engine closed
Stockfish initialized from ./stockfish.exe
Player moved: a5a6, turn=Black, FEN=8/p7/P5p1/5p2/r5k1/6P1/1R4K1/8 b - - 0 40
AI moved: a4a6, turn=White, FEN=8/p7/r5p1/5p2/6k1/6P1/1R4K1/8 w - - 0 41
Saved game to database: game_id=28, user_id=5
Cleaned up old games
Stockfish engine closed
Stockfish initialized from ./stockfish.exe
Hint requested: player_color=White, turn=White, FEN=8/p7/r5p1/5p2/6k1/6P1/1R4K1/8 w - - 0 41
Hint for White (direct): b2b4
Stockfish engine closed
Stockfish initialized from ./stockfish.exe
Player moved: b2b4, turn=Black, FEN=8/p7/r5p1/5p2/1R4k1/6P1/6K1/8 b - - 1 41
AI moved: g4h5, turn=White, FEN=8/p7/r5p1/5p1k/1R6/6P1/6K1/8 w - - 2 42
Saved game to database: game_id=28, user_id=5
Cleaned up old games
Stockfish engine closed
Stockfish initialized from ./stockfish.exe
Stockfish engine closed
Stockfish initialized from ./stockfish.exe
Stockfish engine closed
Stockfish initialized from ./stockfish.exe
Hint requested: player_color=White, turn=White, FEN=8/p7/r5p1/5p1k/1R6/6P1/6K1/8 w - - 2 42
Hint for White (direct): b4h4
Stockfish engine closed
Stockfish initialized from ./stockfish.exe
Stockfish engine closed
Retrieved 5 games for user_id=5
Saved game to database: game_id=28, user_id=5
Cleaned up old games
Stockfish initialized from ./stockfish.exe
Hint requested: player_color=White, turn=White, FEN=8/p7/r5p1/5p1k/1R6/6P1/6K1/8 w - - 2 42
Hint for White (direct): b4h4
Stockfish engine closed
Stockfish initialized from ./stockfish.exe
Stockfish engine closed
Stockfish initialized from ./stockfish.exe
Stockfish engine closed
Stockfish initialized from ./stockfish.exe
Stockfish engine closed
Stockfish initialized from ./stockfish.exe
Stockfish engine closed
User logged in: username=sidd2084
Loaded most recent game for user_id=3: game_id=22
Stockfish initialized from ./stockfish.exe
Stockfish engine closed
Stockfish initialized from ./stockfish.exe
Hint requested: player_color=White, turn=White, FEN=r1b1k2r/1p3pp1/3p3p/4p3/2p1P3/8/PP3PqP/2RQK2R w Kkq - 0 18
Hint for White (direct): e1d2
Stockfish engine closed
Stockfish initialized from ./stockfish.exe
Player moved: e1d2, turn=Black, FEN=r1b1k2r/1p3pp1/3p3p/4p3/2p1P3/8/PP1K1PqP/2RQ3R b kq - 1 18
AI moved: g2f2, turn=White, FEN=r1b1k2r/1p3pp1/3p3p/4p3/2p1P3/8/PP1K1q1P/2RQ3R w kq - 0 19
Saved game to database: game_id=22, user_id=3
Cleaned up old games
Stockfish engine closed
Stockfish initialized from ./stockfish.exe
Hint requested: player_color=White, turn=White, FEN=r1b1k2r/1p3pp1/3p3p/4p3/2p1P3/8/PP1K1q1P/2RQ3R w kq - 0 19
Hint for White (direct): d1e2
Stockfish engine closed
Stockfish initialized from ./stockfish.exe
Player moved: d1e2, turn=Black, FEN=r1b1k2r/1p3pp1/3p3p/4p3/2p1P3/8/PP1KQq1P/2R4R b kq - 1 19
AI moved: f2e2, turn=White, FEN=r1b1k2r/1p3pp1/3p3p/4p3/2p1P3/8/PP1Kq2P/2R4R w kq - 0 20
Saved game to database: game_id=22, user_id=3
Cleaned up old games
Stockfish engine closed
Stockfish initialized from ./stockfish.exe
Stockfish engine closed
Stockfish initialized from ./stockfish.exe
Stockfish engine closed
Stockfish initialized from ./stockfish.exe
Stockfish engine closed
Stockfish initialized from ./stockfish.exe
Player moved: b4e4, turn=Black, FEN=8/p7/r5p1/5p1k/4R3/6P1/6K1/8 b - - 3 42
AI moved: f5e4, turn=White, FEN=8/p7/r5p1/7k/4p3/6P1/6K1/8 w - - 0 43
Saved game to database: game_id=28, user_id=5
Cleaned up old games
Error in get_win_probability: bad operand type for abs(): 'NoneType'
Stockfish engine closed
Stockfish initialized from ./stockfish.exe
Error in get_win_probability: bad operand type for abs(): 'NoneType'
Stockfish engine closed
Stockfish initialized from ./stockfish.exe
Hint requested: player_color=White, turn=White, FEN=8/p7/r5p1/7k/4p3/6P1/6K1/8 w - - 0 43
Hint for White (direct): g2f2
Stockfish engine closed
Stockfish initialized from ./stockfish.exe
Player moved: g2f2, turn=Black, FEN=8/p7/r5p1/7k/4p3/6P1/5K2/8 b - - 1 43
AI moved: a6a3, turn=White, FEN=8/p7/6p1/7k/4p3/r5P1/5K2/8 w - - 2 44
Saved game to database: game_id=28, user_id=5
Cleaned up old games
Error in get_win_probability: bad operand type for abs(): 'NoneType'
Stockfish engine closed
Stockfish initialized from ./stockfish.exe
Hint requested: player_color=White, turn=White, FEN=8/p7/6p1/7k/4p3/r5P1/5K2/8 w - - 2 44
Hint for White (direct): f2e2
Stockfish engine closed
Stockfish initialized from ./stockfish.exe
Player moved: f2e2, turn=Black, FEN=8/p7/6p1/7k/4p3/r5P1/4K3/8 b - - 3 44
AI moved: a3f3, turn=White, FEN=8/p7/6p1/7k/4p3/5rP1/4K3/8 w - - 4 45
Saved game to database: game_id=28, user_id=5
Cleaned up old games
Error in get_win_probability: bad operand type for abs(): 'NoneType'
Stockfish engine closed
Stockfish initialized from ./stockfish.exe
Hint requested: player_color=White, turn=White, FEN=8/p7/6p1/7k/4p3/5rP1/4K3/8 w - - 4 45
Hint for White (direct): g3g4
Stockfish engine closed
Stockfish initialized from ./stockfish.exe
Player moved: g3g4, turn=Black, FEN=8/p7/6p1/7k/4p1P1/5r2/4K3/8 b - - 0 45
AI moved: h5g4, turn=White, FEN=8/p7/6p1/8/4p1k1/5r2/4K3/8 w - - 0 46
Saved game to database: game_id=28, user_id=5
Cleaned up old games
Error in get_win_probability: bad operand type for abs(): 'NoneType'
Stockfish engine closed
Stockfish initialized from ./stockfish.exe
Hint requested: player_color=White, turn=White, FEN=8/p7/6p1/8/4p1k1/5r2/4K3/8 w - - 0 46
Hint for White (direct): e2d2
Stockfish engine closed
Stockfish initialized from ./stockfish.exe
Player moved: e2d2, turn=Black, FEN=8/p7/6p1/8/4p1k1/5r2/3K4/8 b - - 1 46
AI moved: g4g3, turn=White, FEN=8/p7/6p1/8/4p3/5rk1/3K4/8 w - - 2 47
Saved game to database: game_id=28, user_id=5
Cleaned up old games
Error in get_win_probability: bad operand type for abs(): 'NoneType'
Stockfish engine closed
Stockfish initialized from ./stockfish.exe
Hint requested: player_color=White, turn=White, FEN=8/p7/6p1/8/4p3/5rk1/3K4/8 w - - 2 47
Hint for White (direct): d2c2
Stockfish engine closed
Stockfish initialized from ./stockfish.exe
Player moved: d2c2, turn=Black, FEN=8/p7/6p1/8/4p3/5rk1/2K5/8 b - - 3 47
AI moved: g3f2, turn=White, FEN=8/p7/6p1/8/4p3/5r2/2K2k2/8 w - - 4 48
Saved game to database: game_id=28, user_id=5
Cleaned up old games
Error in get_win_probability: bad operand type for abs(): 'NoneType'
Stockfish engine closed
Stockfish initialized from ./stockfish.exe
Hint requested: player_color=White, turn=White, FEN=8/p7/6p1/8/4p3/5r2/2K2k2/8 w - - 4 48
Hint for White (direct): c2b2
Stockfish engine closed
Stockfish initialized from ./stockfish.exe
Hint requested: player_color=White, turn=White, FEN=8/p7/6p1/8/4p3/5r2/2K2k2/8 w - - 4 48
Hint for White (direct): c2b2
Stockfish engine closed
Stockfish initialized from ./stockfish.exe
Player moved: c2b2, turn=Black, FEN=8/p7/6p1/8/4p3/5r2/1K3k2/8 b - - 5 48
AI moved: e4e3, turn=White, FEN=8/p7/6p1/8/8/4pr2/1K3k2/8 w - - 0 49
Saved game to database: game_id=28, user_id=5
Cleaned up old games
Error in get_win_probability: bad operand type for abs(): 'NoneType'
Stockfish engine closed
Stockfish initialized from ./stockfish.exe
Hint requested: player_color=White, turn=White, FEN=8/p7/6p1/8/8/4pr2/1K3k2/8 w - - 0 49
Hint for White (direct): b2b3
Stockfish engine closed
Stockfish initialized from ./stockfish.exe
Hint requested: player_color=White, turn=White, FEN=8/p7/6p1/8/8/4pr2/1K3k2/8 w - - 0 49
Hint for White (direct): b2b3
Stockfish engine closed
Stockfish initialized from ./stockfish.exe
Player moved: b2b3, turn=Black, FEN=8/p7/6p1/8/8/1K2pr2/5k2/8 b - - 1 49
AI moved: e3e2, turn=White, FEN=8/p7/6p1/8/8/1K3r2/4pk2/8 w - - 0 50
Saved game to database: game_id=28, user_id=5
Cleaned up old games
Error in get_win_probability: bad operand type for abs(): 'NoneType'
Stockfish engine closed
Stockfish initialized from ./stockfish.exe
Hint requested: player_color=White, turn=White, FEN=8/p7/6p1/8/8/1K3r2/4pk2/8 w - - 0 50
Hint for White (direct): b3c4
Stockfish engine closed
Stockfish initialized from ./stockfish.exe
Player moved: b3c4, turn=Black, FEN=8/p7/6p1/8/2K5/5r2/4pk2/8 b - - 1 50
AI moved: e2e1q, turn=White, FEN=8/p7/6p1/8/2K5/5r2/5k2/4q3 w - - 0 51
Saved game to database: game_id=28, user_id=5
Cleaned up old games
Error in get_win_probability: bad operand type for abs(): 'NoneType'
Stockfish engine closed
Stockfish initialized from ./stockfish.exe
Hint requested: player_color=White, turn=White, FEN=8/p7/6p1/8/2K5/5r2/5k2/4q3 w - - 0 51
Hint for White (direct): c4d5
Stockfish engine closed
Stockfish initialized from ./stockfish.exe
Player moved: c4d5, turn=Black, FEN=8/p7/6p1/3K4/8/5r2/5k2/4q3 b - - 1 51
AI moved: f3f5, turn=White, FEN=8/p7/6p1/3K1r2/8/8/5k2/4q3 w - - 2 52
Saved game to database: game_id=28, user_id=5
Cleaned up old games
Error in get_win_probability: bad operand type for abs(): 'NoneType'
Stockfish engine closed
Stockfish initialized from ./stockfish.exe
Hint requested: player_color=White, turn=White, FEN=8/p7/6p1/3K1r2/8/8/5k2/4q3 w - - 2 52
Hint for White (direct): d5d4
Stockfish engine closed
Stockfish initialized from ./stockfish.exe
Player moved: d5d4, turn=Black, FEN=8/p7/6p1/5r2/3K4/8/5k2/4q3 b - - 3 52
AI moved: e1c1, turn=White, FEN=8/p7/6p1/5r2/3K4/8/5k2/2q5 w - - 4 53
Saved game to database: game_id=28, user_id=5
Cleaned up old games
Error in get_win_probability: bad operand type for abs(): 'NoneType'
Stockfish engine closed
Stockfish initialized from ./stockfish.exe
Hint requested: player_color=White, turn=White, FEN=8/p7/6p1/5r2/3K4/8/5k2/2q5 w - - 4 53
Hint for White (direct): d4d3
Stockfish engine closed
Stockfish initialized from ./stockfish.exe
Player moved: d4d3, turn=Black, FEN=8/p7/6p1/5r2/8/3K4/5k2/2q5 b - - 5 53
AI moved: f5d5, turn=White, FEN=8/p7/6p1/3r4/8/3K4/5k2/2q5 w - - 6 54
Saved game to database: game_id=28, user_id=5
Cleaned up old games
Error in get_win_probability: bad operand type for abs(): 'NoneType'
Stockfish engine closed
Stockfish initialized from ./stockfish.exe
Stockfish difficulty set to Medium (Skill Level: 10)
Reset: player_color=White, turn=White, FEN=rnbqkbnr/pppppppp/8/8/8/8/PPPPPPPP/RNBQKBNR w KQkq - 0 1
Saved game to database: game_id=30, user_id=5
Cleaned up old games
Stockfish engine closed
Stockfish initialized from ./stockfish.exe
Hint requested: player_color=White, turn=White, FEN=rnbqkbnr/pppppppp/8/8/8/8/PPPPPPPP/RNBQKBNR w KQkq - 0 1
Hint for White (direct): e2e4
Stockfish engine closed
Stockfish initialized from ./stockfish.exe
Player moved: e2e4, turn=Black, FEN=rnbqkbnr/pppppppp/8/8/4P3/8/PPPP1PPP/RNBQKBNR b KQkq - 0 1
AI moved: c7c5, turn=White, FEN=rnbqkbnr/pp1ppppp/8/2p5/4P3/8/PPPP1PPP/RNBQKBNR w KQkq - 0 2
Saved game to database: game_id=30, user_id=5
Cleaned up old games
Stockfish engine closed
Stockfish initialized from ./stockfish.exe
Hint requested: player_color=White, turn=White, FEN=rnbqkbnr/pp1ppppp/8/2p5/4P3/8/PPPP1PPP/RNBQKBNR w KQkq - 0 2
Hint for White (direct): g1f3
Stockfish engine closed
Stockfish initialized from ./stockfish.exe
Player moved: g1f3, turn=Black, FEN=rnbqkbnr/pp1ppppp/8/2p5/4P3/5N2/PPPP1PPP/RNBQKB1R b KQkq - 1 2
AI moved: d7d6, turn=White, FEN=rnbqkbnr/pp2pppp/3p4/2p5/4P3/5N2/PPPP1PPP/RNBQKB1R w KQkq - 0 3
Saved game to database: game_id=30, user_id=5
Cleaned up old games
Stockfish engine closed
Stockfish initialized from ./stockfish.exe
Hint requested: player_color=White, turn=White, FEN=rnbqkbnr/pp2pppp/3p4/2p5/4P3/5N2/PPPP1PPP/RNBQKB1R w KQkq - 0 3
Hint for White (direct): d2d4
Stockfish engine closed
Stockfish initialized from ./stockfish.exe
Player moved: d2d4, turn=Black, FEN=rnbqkbnr/pp2pppp/3p4/2p5/3PP3/5N2/PPP2PPP/RNBQKB1R b KQkq - 0 3
AI moved: c5d4, turn=White, FEN=rnbqkbnr/pp2pppp/3p4/8/3pP3/5N2/PPP2PPP/RNBQKB1R w KQkq - 0 4
Saved game to database: game_id=30, user_id=5
Cleaned up old games
Stockfish engine closed
Stockfish initialized from ./stockfish.exe
Hint requested: player_color=White, turn=White, FEN=rnbqkbnr/pp2pppp/3p4/8/3pP3/5N2/PPP2PPP/RNBQKB1R w KQkq - 0 4
Hint for White (direct): f3d4
Stockfish engine closed
Stockfish initialized from ./stockfish.exe
Player moved: f3d4, turn=Black, FEN=rnbqkbnr/pp2pppp/3p4/8/3NP3/8/PPP2PPP/RNBQKB1R b KQkq - 0 4
AI moved: e7e5, turn=White, FEN=rnbqkbnr/pp3ppp/3p4/4p3/3NP3/8/PPP2PPP/RNBQKB1R w KQkq - 0 5
Saved game to database: game_id=30, user_id=5
Cleaned up old games
Stockfish engine closed
Saved game to database: game_id=31, user_id=5
Loaded game from database: game_id=31, user_id=5
Stockfish initialized from ./stockfish.exe
Stockfish engine closed
Loaded game from database: game_id=31, user_id=5
Stockfish initialized from ./stockfish.exe
Hint requested: player_color=White, turn=White, FEN=rnbqkbnr/pppppppp/8/8/8/8/PPPPPPPP/RNBQKBNR w KQkq - 0 1
Hint for White (direct): e2e4
Stockfish engine closed
Loaded game from database: game_id=31, user_id=5
Stockfish initialized from ./stockfish.exe
Player moved: e2e4, turn=Black, FEN=rnbqkbnr/pppppppp/8/8/4P3/8/PPPP1PPP/RNBQKBNR b KQkq - 0 1
AI moved: c7c5, turn=White, FEN=rnbqkbnr/pp1ppppp/8/2p5/4P3/8/PPPP1PPP/RNBQKBNR w KQkq - 0 2
Saved game to database: game_id=31, user_id=5
Saved game to database: game_id=31, user_id=5
Cleaned up old games
Stockfish engine closed
Loaded game from database: game_id=31, user_id=5
Stockfish initialized from ./stockfish.exe
Hint requested: player_color=White, turn=White, FEN=rnbqkbnr/pp1ppppp/8/2p5/4P3/8/PPPP1PPP/RNBQKBNR w KQkq - 0 2
Hint for White (direct): g1f3
Stockfish engine closed
Loaded game from database: game_id=31, user_id=5
Stockfish initialized from ./stockfish.exe
Player moved: g1f3, turn=Black, FEN=rnbqkbnr/pp1ppppp/8/2p5/4P3/5N2/PPPP1PPP/RNBQKB1R b KQkq - 1 2
AI moved: b8c6, turn=White, FEN=r1bqkbnr/pp1ppppp/2n5/2p5/4P3/5N2/PPPP1PPP/RNBQKB1R w KQkq - 2 3
Saved game to database: game_id=31, user_id=5
Saved game to database: game_id=31, user_id=5
Cleaned up old games
Stockfish engine closed
Loaded game from database: game_id=31, user_id=5
Stockfish initialized from ./stockfish.exe
Hint requested: player_color=White, turn=White, FEN=r1bqkbnr/pp1ppppp/2n5/2p5/4P3/5N2/PPPP1PPP/RNBQKB1R w KQkq - 2 3
Hint for White (direct): d2d4
Stockfish engine closed
Loaded game from database: game_id=31, user_id=5
Stockfish initialized from ./stockfish.exe
Player moved: d2d4, turn=Black, FEN=r1bqkbnr/pp1ppppp/2n5/2p5/3PP3/5N2/PPP2PPP/RNBQKB1R b KQkq - 0 3
AI moved: c5d4, turn=White, FEN=r1bqkbnr/pp1ppppp/2n5/8/3pP3/5N2/PPP2PPP/RNBQKB1R w KQkq - 0 4
Saved game to database: game_id=31, user_id=5
Saved game to database: game_id=31, user_id=5
Cleaned up old games
Stockfish engine closed
Loaded game from database: game_id=31, user_id=5
Stockfish initialized from ./stockfish.exe
Hint requested: player_color=White, turn=White, FEN=r1bqkbnr/pp1ppppp/2n5/8/3pP3/5N2/PPP2PPP/RNBQKB1R w KQkq - 0 4
Hint for White (direct): f3d4
Stockfish engine closed
Loaded game from database: game_id=31, user_id=5
Stockfish initialized from ./stockfish.exe
Player moved: f3d4, turn=Black, FEN=r1bqkbnr/pp1ppppp/2n5/8/3NP3/8/PPP2PPP/RNBQKB1R b KQkq - 0 4
AI moved: g8f6, turn=White, FEN=r1bqkb1r/pp1ppppp/2n2n2/8/3NP3/8/PPP2PPP/RNBQKB1R w KQkq - 1 5
Saved game to database: game_id=31, user_id=5
Saved game to database: game_id=31, user_id=5
Cleaned up old games
Stockfish engine closed
Loaded game from database: game_id=31, user_id=5
Stockfish initialized from ./stockfish.exe
Hint requested: player_color=White, turn=White, FEN=r1bqkb1r/pp1ppppp/2n2n2/8/3NP3/8/PPP2PPP/RNBQKB1R w KQkq - 1 5
Hint for White (direct): b1c3
Stockfish engine closed
Loaded game from database: game_id=31, user_id=5
Stockfish initialized from ./stockfish.exe
Player moved: b1c3, turn=Black, FEN=r1bqkb1r/pp1ppppp/2n2n2/8/3NP3/2N5/PPP2PPP/R1BQKB1R b KQkq - 2 5
AI moved: e7e6, turn=White, FEN=r1bqkb1r/pp1p1ppp/2n1pn2/8/3NP3/2N5/PPP2PPP/R1BQKB1R w KQkq - 0 6
Saved game to database: game_id=31, user_id=5
Saved game to database: game_id=31, user_id=5
Cleaned up old games
Stockfish engine closed
Loaded game from database: game_id=31, user_id=5
Loaded game from database: game_id=31, user_id=5
Stockfish initialized from ./stockfish.exe
Stockfish engine closed
Loaded game from database: game_id=31, user_id=5
Stockfish initialized from ./stockfish.exe
Hint requested: player_color=White, turn=White, FEN=r1bqkb1r/pp1p1ppp/2n1pn2/8/3NP3/2N5/PPP2PPP/R1BQKB1R w KQkq - 0 6
Hint for White (direct): c1f4
Stockfish engine closed
Loaded game from database: game_id=31, user_id=5
Stockfish initialized from ./stockfish.exe
Hint requested: player_color=White, turn=White, FEN=r1bqkb1r/pp1p1ppp/2n1pn2/8/3NP3/2N5/PPP2PPP/R1BQKB1R w KQkq - 0 6
Hint for White (direct): c1f4
Stockfish engine closed
Loaded game from database: game_id=31, user_id=5
Stockfish initialized from ./stockfish.exe
Player moved: c1f4, turn=Black, FEN=r1bqkb1r/pp1p1ppp/2n1pn2/8/3NPB2/2N5/PPP2PPP/R2QKB1R b KQkq - 1 6
AI moved: d7d6, turn=White, FEN=r1bqkb1r/pp3ppp/2nppn2/8/3NPB2/2N5/PPP2PPP/R2QKB1R w KQkq - 0 7
Saved game to database: game_id=31, user_id=5
Saved game to database: game_id=31, user_id=5
Cleaned up old games
Stockfish engine closed
Loaded game from database: game_id=31, user_id=5
Stockfish initialized from ./stockfish.exe
Hint requested: player_color=White, turn=White, FEN=r1bqkb1r/pp3ppp/2nppn2/8/3NPB2/2N5/PPP2PPP/R2QKB1R w KQkq - 0 7
Hint for White (direct): d4b5
Stockfish engine closed
Loaded game from database: game_id=31, user_id=5
Stockfish initialized from ./stockfish.exe
Player moved: d4b5, turn=Black, FEN=r1bqkb1r/pp3ppp/2nppn2/1N6/4PB2/2N5/PPP2PPP/R2QKB1R b KQkq - 1 7
AI moved: e6e5, turn=White, FEN=r1bqkb1r/pp3ppp/2np1n2/1N2p3/4PB2/2N5/PPP2PPP/R2QKB1R w KQkq - 0 8
Saved game to database: game_id=31, user_id=5
Saved game to database: game_id=31, user_id=5
Cleaned up old games
Stockfish engine closed
Loaded game from database: game_id=31, user_id=5
Loaded game from database: game_id=31, user_id=5
Stockfish initialized from ./stockfish.exe
Stockfish engine closed
Loaded game from database: game_id=31, user_id=5
Loaded game from database: game_id=31, user_id=5
Stockfish initialized from ./stockfish.exe
Stockfish engine closed
Loaded game from database: game_id=31, user_id=5
Stockfish initialized from ./stockfish.exe
Hint requested: player_color=White, turn=White, FEN=r1bqkb1r/pp3ppp/2np1n2/1N2p3/4PB2/2N5/PPP2PPP/R2QKB1R w KQkq - 0 8
Hint for White (direct): f4g5
Stockfish engine closed
Loaded game from database: game_id=31, user_id=5
Stockfish initialized from ./stockfish.exe
Player moved: f4g5, turn=Black, FEN=r1bqkb1r/pp3ppp/2np1n2/1N2p1B1/4P3/2N5/PPP2PPP/R2QKB1R b KQkq - 1 8
AI moved: a7a6, turn=White, FEN=r1bqkb1r/1p3ppp/p1np1n2/1N2p1B1/4P3/2N5/PPP2PPP/R2QKB1R w KQkq - 0 9
Saved game to database: game_id=31, user_id=5
Saved game to database: game_id=31, user_id=5
Cleaned up old games
Stockfish engine closed
Loaded game from database: game_id=31, user_id=5
Stockfish initialized from ./stockfish.exe
Stockfish difficulty set to Medium (Skill Level: 10)
Reset: player_color=White, turn=White, FEN=rnbqkbnr/pppppppp/8/8/8/8/PPPPPPPP/RNBQKBNR w KQkq - 0 1
Saved game to database: game_id=32, user_id=5
Saved game to database: game_id=32, user_id=5
Cleaned up old games
Stockfish engine closed
Retrieved 8 games for user_id=5
Loaded game from database: game_id=32, user_id=5
Loaded game from database: game_id=26, user_id=5
Saved game to database: game_id=26, user_id=5
Stockfish initialized from ./stockfish.exe
Stockfish engine closed
Retrieved 8 games for user_id=5
Loaded game from database: game_id=26, user_id=5
Loaded game from database: game_id=32, user_id=5
Saved game to database: game_id=32, user_id=5
Stockfish initialized from ./stockfish.exe
Stockfish engine closed
Retrieved 8 games for user_id=5
Loaded game from database: game_id=32, user_id=5
Loaded game from database: game_id=29, user_id=5
Saved game to database: game_id=29, user_id=5
Stockfish initialized from ./stockfish.exe
Stockfish engine closed
Loaded game from database: game_id=29, user_id=5
Stockfish initialized from ./stockfish.exe
Player moved: d2d4, turn=Black, FEN=rnbqkbnr/pppppppp/8/8/3P4/8/PPP1PPPP/RNBQKBNR b KQkq - 0 1
AI moved: d7d5, turn=White, FEN=rnbqkbnr/ppp1pppp/8/3p4/3P4/8/PPP1PPPP/RNBQKBNR w KQkq - 0 2
Saved game to database: game_id=29, user_id=5
Saved game to database: game_id=29, user_id=5
Cleaned up old games
Stockfish engine closed
Loaded game from database: game_id=29, user_id=5
Stockfish initialized from ./stockfish.exe
Player moved: e2e4, turn=Black, FEN=rnbqkbnr/ppp1pppp/8/3p4/3PP3/8/PPP2PPP/RNBQKBNR b KQkq - 0 2
AI moved: d5e4, turn=White, FEN=rnbqkbnr/ppp1pppp/8/8/3Pp3/8/PPP2PPP/RNBQKBNR w KQkq - 0 3
Saved game to database: game_id=29, user_id=5
Saved game to database: game_id=29, user_id=5
Cleaned up old games
Stockfish engine closed
Loaded game from database: game_id=29, user_id=5
Stockfish initialized from ./stockfish.exe
Player moved: d1f3, turn=Black, FEN=rnbqkbnr/ppp1pppp/8/8/3Pp3/5Q2/PPP2PPP/RNB1KBNR b KQkq - 1 3
AI moved: e4f3, turn=White, FEN=rnbqkbnr/ppp1pppp/8/8/3P4/5p2/PPP2PPP/RNB1KBNR w KQkq - 0 4
Saved game to database: game_id=29, user_id=5
Saved game to database: game_id=29, user_id=5
Cleaned up old games
Stockfish engine closed
Loaded game from database: game_id=29, user_id=5
Stockfish initialized from ./stockfish.exe
Player moved: g2f3, turn=Black, FEN=rnbqkbnr/ppp1pppp/8/8/3P4/5P2/PPP2P1P/RNB1KBNR b KQkq - 0 4
AI moved: b8c6, turn=White, FEN=r1bqkbnr/ppp1pppp/2n5/8/3P4/5P2/PPP2P1P/RNB1KBNR w KQkq - 1 5
Saved game to database: game_id=29, user_id=5
Saved game to database: game_id=29, user_id=5
Cleaned up old games
Stockfish engine closed
Loaded game from database: game_id=29, user_id=5
Saved game to database: game_id=29, user_id=5
Saved game to database: game_id=29, user_id=5
Cleaned up old games
Retrieved 8 games for user_id=5
Loaded game from database: game_id=29, user_id=5
Loaded game from database: game_id=31, user_id=5
Saved game to database: game_id=31, user_id=5
Stockfish initialized from ./stockfish.exe
Stockfish engine closed
Retrieved 8 games for user_id=5
Loaded game from database: game_id=31, user_id=5
Loaded game from database: game_id=29, user_id=5
Saved game to database: game_id=29, user_id=5
Stockfish initialized from ./stockfish.exe
Stockfish engine closed
Loaded game from database: game_id=29, user_id=5
Loaded game from database: game_id=29, user_id=5
Stockfish initialized from ./stockfish.exe
Stockfish engine closed
Loaded game from database: game_id=29, user_id=5
Stockfish initialized from ./stockfish.exe
Hint requested: player_color=White, turn=White, FEN=r1bqkbnr/ppp1pppp/2n5/8/3P4/5P2/PPP2P1P/RNB1KBNR w KQkq - 1 5
Hint for White (direct): c1d2
Stockfish engine closed
Loaded game from database: game_id=29, user_id=5
Stockfish initialized from ./stockfish.exe
Player moved: c1d2, turn=Black, FEN=r1bqkbnr/ppp1pppp/2n5/8/3P4/5P2/PPPB1P1P/RN2KBNR b KQkq - 2 5
AI moved: c6d4, turn=White, FEN=r1bqkbnr/ppp1pppp/8/8/3n4/5P2/PPPB1P1P/RN2KBNR w KQkq - 0 6
Saved game to database: game_id=29, user_id=5
Saved game to database: game_id=29, user_id=5
Cleaned up old games
Stockfish engine closed
Loaded game from database: game_id=29, user_id=5
Stockfish initialized from ./stockfish.exe
Hint requested: player_color=White, turn=White, FEN=r1bqkbnr/ppp1pppp/8/8/3n4/5P2/PPPB1P1P/RN2KBNR w KQkq - 0 6
Hint for White (direct): b1a3
Stockfish engine closed
Loaded game from database: game_id=29, user_id=5
Stockfish initialized from ./stockfish.exe
Player moved: b1a3, turn=Black, FEN=r1bqkbnr/ppp1pppp/8/8/3n4/N4P2/PPPB1P1P/R3KBNR b KQkq - 1 6
AI moved: e7e5, turn=White, FEN=r1bqkbnr/ppp2ppp/8/4p3/3n4/N4P2/PPPB1P1P/R3KBNR w KQkq - 0 7
Saved game to database: game_id=29, user_id=5
Saved game to database: game_id=29, user_id=5
Cleaned up old games
Stockfish engine closed
Loaded game from database: game_id=29, user_id=5
Stockfish initialized from ./stockfish.exe
Hint requested: player_color=White, turn=White, FEN=r1bqkbnr/ppp2ppp/8/4p3/3n4/N4P2/PPPB1P1P/R3KBNR w KQkq - 0 7
Hint for White (direct): e1c1
Stockfish engine closed
Loaded game from database: game_id=29, user_id=5
Stockfish initialized from ./stockfish.exe
Player moved: e1c1, turn=Black, FEN=r1bqkbnr/ppp2ppp/8/4p3/3n4/N4P2/PPPB1P1P/2KR1BNR b kq - 1 7
AI moved: f8a3, turn=White, FEN=r1bqk1nr/ppp2ppp/8/4p3/3n4/b4P2/PPPB1P1P/2KR1BNR w kq - 0 8
Saved game to database: game_id=29, user_id=5
Saved game to database: game_id=29, user_id=5
Cleaned up old games
Stockfish engine closed
Loaded game from database: game_id=29, user_id=5
Stockfish initialized from ./stockfish.exe
Hint requested: player_color=White, turn=White, FEN=r1bqk1nr/ppp2ppp/8/4p3/3n4/b4P2/PPPB1P1P/2KR1BNR w kq - 0 8
Hint for White (direct): g1e2
Stockfish engine closed
Loaded game from database: game_id=29, user_id=5
Stockfish initialized from ./stockfish.exe
Player moved: g1e2, turn=Black, FEN=r1bqk1nr/ppp2ppp/8/4p3/3n4/b4P2/PPPBNP1P/2KR1B1R b kq - 1 8
AI moved: a3b2, turn=White, FEN=r1bqk1nr/ppp2ppp/8/4p3/3n4/5P2/PbPBNP1P/2KR1B1R w kq - 0 9
Saved game to database: game_id=29, user_id=5
Saved game to database: game_id=29, user_id=5
Cleaned up old games
Stockfish engine closed
Loaded game from database: game_id=29, user_id=5
Stockfish initialized from ./stockfish.exe
Hint requested: player_color=White, turn=White, FEN=r1bqk1nr/ppp2ppp/8/4p3/3n4/5P2/PbPBNP1P/2KR1B1R w kq - 0 9
Hint for White (direct): c1b2
Stockfish engine closed
Loaded game from database: game_id=29, user_id=5
Stockfish initialized from ./stockfish.exe
Player moved: c1b2, turn=Black, FEN=r1bqk1nr/ppp2ppp/8/4p3/3n4/5P2/PKPBNP1P/3R1B1R b kq - 0 9
AI moved: d4f3, turn=White, FEN=r1bqk1nr/ppp2ppp/8/4p3/8/5n2/PKPBNP1P/3R1B1R w kq - 0 10
Saved game to database: game_id=29, user_id=5
Saved game to database: game_id=29, user_id=5
Cleaned up old games
Stockfish engine closed
Loaded game from database: game_id=29, user_id=5
Stockfish initialized from ./stockfish.exe
Player moved: e2f4, turn=Black, FEN=r1bqk1nr/ppp2ppp/8/4p3/5N2/5n2/PKPB1P1P/3R1B1R b kq - 1 10
AI moved: f3d2, turn=White, FEN=r1bqk1nr/ppp2ppp/8/4p3/5N2/8/PKPn1P1P/3R1B1R w kq - 0 11
Saved game to database: game_id=29, user_id=5
Saved game to database: game_id=29, user_id=5
Cleaned up old games
Stockfish engine closed
Saved game to database: game_id=33, user_id=3
Loaded game from database: game_id=33, user_id=3
Stockfish initialized from ./stockfish.exe
Stockfish engine closed
Loaded game from database: game_id=33, user_id=3
Stockfish initialized from ./stockfish.exe
Hint requested: player_color=White, turn=White, FEN=rnbqkbnr/pppppppp/8/8/8/8/PPPPPPPP/RNBQKBNR w KQkq - 0 1
Hint for White (direct): e2e4
Stockfish engine closed
Loaded game from database: game_id=33, user_id=3
Stockfish initialized from ./stockfish.exe
Hint requested: player_color=White, turn=White, FEN=rnbqkbnr/pppppppp/8/8/8/8/PPPPPPPP/RNBQKBNR w KQkq - 0 1
Hint for White (direct): e2e4
Stockfish engine closed
Retrieved 11 games for user_id=3
Loaded game from database: game_id=33, user_id=3
Loaded game from database: game_id=22, user_id=3
Saved game to database: game_id=22, user_id=3
Stockfish initialized from ./stockfish.exe
Stockfish engine closed
Loaded game from database: game_id=29, user_id=5
Saved game to database: game_id=29, user_id=5
Loaded game from database: game_id=29, user_id=5
Loaded game from database: game_id=29, user_id=5
Stockfish initialized from ./stockfish.exe
Stockfish engine closed
Loaded game from database: game_id=29, user_id=5
Saved game to database: game_id=29, user_id=5
Exception on /logout [POST]
Traceback (most recent call last):
  File "C:\Users\nilam\chess_webapp\venv\Lib\site-packages\flask\app.py", line 1511, in wsgi_app
    response = self.full_dispatch_request()
               ^^^^^^^^^^^^^^^^^^^^^^^^^^^^
  File "C:\Users\nilam\chess_webapp\venv\Lib\site-packages\flask\app.py", line 919, in full_dispatch_request
    rv = self.handle_user_exception(e)
         ^^^^^^^^^^^^^^^^^^^^^^^^^^^^^
  File "C:\Users\nilam\chess_webapp\venv\Lib\site-packages\flask\app.py", line 917, in full_dispatch_request
    rv = self.dispatch_request()
         ^^^^^^^^^^^^^^^^^^^^^^^
  File "C:\Users\nilam\chess_webapp\venv\Lib\site-packages\flask\app.py", line 902, in dispatch_request
    return self.ensure_sync(self.view_functions[rule.endpoint])(**view_args)  # type: ignore[no-any-return]
           ^^^^^^^^^^^^^^^^^^^^^^^^^^^^^^^^^^^^^^^^^^^^^^^^^^^^^^^^^^^^^^^^^
  File "C:\Users\nilam\chess_webapp\venv\Lib\site-packages\flask_login\utils.py", line 290, in decorated_view
    return current_app.ensure_sync(func)(*args, **kwargs)
           ^^^^^^^^^^^^^^^^^^^^^^^^^^^^^^^^^^^^^^^^^^^^^^
  File "C:\Users\nilam\chess_webapp\app.py", line 320, in logout
    app.logger.info(f"User logged out: user_id={current_user.id}")
                                                ^^^^^^^^^^^^^^^
AttributeError: 'AnonymousUserMixin' object has no attribute 'id'
User logged in: username=sidd2084
Saved game to database: game_id=34, user_id=3
Loaded game from database: game_id=34, user_id=3
Stockfish initialized from ./stockfish.exe
Stockfish engine closed
Loaded game from database: game_id=34, user_id=3
Saved game to database: game_id=34, user_id=3
Exception on /logout [POST]
Traceback (most recent call last):
  File "C:\Users\nilam\chess_webapp\venv\Lib\site-packages\flask\app.py", line 1511, in wsgi_app
    response = self.full_dispatch_request()
               ^^^^^^^^^^^^^^^^^^^^^^^^^^^^
  File "C:\Users\nilam\chess_webapp\venv\Lib\site-packages\flask\app.py", line 919, in full_dispatch_request
    rv = self.handle_user_exception(e)
         ^^^^^^^^^^^^^^^^^^^^^^^^^^^^^
  File "C:\Users\nilam\chess_webapp\venv\Lib\site-packages\flask\app.py", line 917, in full_dispatch_request
    rv = self.dispatch_request()
         ^^^^^^^^^^^^^^^^^^^^^^^
  File "C:\Users\nilam\chess_webapp\venv\Lib\site-packages\flask\app.py", line 902, in dispatch_request
    return self.ensure_sync(self.view_functions[rule.endpoint])(**view_args)  # type: ignore[no-any-return]
           ^^^^^^^^^^^^^^^^^^^^^^^^^^^^^^^^^^^^^^^^^^^^^^^^^^^^^^^^^^^^^^^^^
  File "C:\Users\nilam\chess_webapp\venv\Lib\site-packages\flask_login\utils.py", line 290, in decorated_view
    return current_app.ensure_sync(func)(*args, **kwargs)
           ^^^^^^^^^^^^^^^^^^^^^^^^^^^^^^^^^^^^^^^^^^^^^^
  File "C:\Users\nilam\chess_webapp\app.py", line 320, in logout
    app.logger.info(f"User logged out: user_id={current_user.id}")
                                                ^^^^^^^^^^^^^^^
AttributeError: 'AnonymousUserMixin' object has no attribute 'id'
User logged in: username=sidd2084
Saved game to database: game_id=35, user_id=3
Loaded game from database: game_id=35, user_id=3
Stockfish initialized from ./stockfish.exe
Stockfish engine closed
Loaded game from database: game_id=35, user_id=3
Stockfish initialized from ./stockfish.exe
Stockfish engine closed
Loaded game from database: game_id=35, user_id=3
Loaded game from database: game_id=35, user_id=3
Stockfish initialized from ./stockfish.exe
Stockfish engine closed
Loaded game from database: game_id=35, user_id=3
Stockfish initialized from ./stockfish.exe
Stockfish engine closed
Loaded game from database: game_id=35, user_id=3
Loaded game from database: game_id=35, user_id=3
Stockfish initialized from ./stockfish.exe
Stockfish engine closed
Loaded game from database: game_id=35, user_id=3
Stockfish initialized from ./stockfish.exe
Stockfish engine closed
Loaded game from database: game_id=35, user_id=3
Saved game to database: game_id=35, user_id=3
Exception on /logout [POST]
Traceback (most recent call last):
  File "C:\Users\nilam\chess_webapp\venv\Lib\site-packages\flask\app.py", line 1511, in wsgi_app
    response = self.full_dispatch_request()
               ^^^^^^^^^^^^^^^^^^^^^^^^^^^^
  File "C:\Users\nilam\chess_webapp\venv\Lib\site-packages\flask\app.py", line 919, in full_dispatch_request
    rv = self.handle_user_exception(e)
         ^^^^^^^^^^^^^^^^^^^^^^^^^^^^^
  File "C:\Users\nilam\chess_webapp\venv\Lib\site-packages\flask\app.py", line 917, in full_dispatch_request
    rv = self.dispatch_request()
         ^^^^^^^^^^^^^^^^^^^^^^^
  File "C:\Users\nilam\chess_webapp\venv\Lib\site-packages\flask\app.py", line 902, in dispatch_request
    return self.ensure_sync(self.view_functions[rule.endpoint])(**view_args)  # type: ignore[no-any-return]
           ^^^^^^^^^^^^^^^^^^^^^^^^^^^^^^^^^^^^^^^^^^^^^^^^^^^^^^^^^^^^^^^^^
  File "C:\Users\nilam\chess_webapp\venv\Lib\site-packages\flask_login\utils.py", line 290, in decorated_view
    return current_app.ensure_sync(func)(*args, **kwargs)
           ^^^^^^^^^^^^^^^^^^^^^^^^^^^^^^^^^^^^^^^^^^^^^^
  File "C:\Users\nilam\chess_webapp\app.py", line 320, in logout
    app.logger.info(f"User logged out: user_id={current_user.id}")
                                                ^^^^^^^^^^^^^^^
AttributeError: 'AnonymousUserMixin' object has no attribute 'id'
User logged in: username=sidd2084
Saved game to database: game_id=36, user_id=3
Loaded game from database: game_id=36, user_id=3
Stockfish initialized from ./stockfish.exe
Stockfish engine closed
Loaded game from database: game_id=36, user_id=3
Saved game to database: game_id=36, user_id=3
Exception on /logout [POST]
Traceback (most recent call last):
  File "C:\Users\nilam\chess_webapp\venv\Lib\site-packages\flask\app.py", line 1511, in wsgi_app
    response = self.full_dispatch_request()
               ^^^^^^^^^^^^^^^^^^^^^^^^^^^^
  File "C:\Users\nilam\chess_webapp\venv\Lib\site-packages\flask\app.py", line 919, in full_dispatch_request
    rv = self.handle_user_exception(e)
         ^^^^^^^^^^^^^^^^^^^^^^^^^^^^^
  File "C:\Users\nilam\chess_webapp\venv\Lib\site-packages\flask\app.py", line 917, in full_dispatch_request
    rv = self.dispatch_request()
         ^^^^^^^^^^^^^^^^^^^^^^^
  File "C:\Users\nilam\chess_webapp\venv\Lib\site-packages\flask\app.py", line 902, in dispatch_request
    return self.ensure_sync(self.view_functions[rule.endpoint])(**view_args)  # type: ignore[no-any-return]
           ^^^^^^^^^^^^^^^^^^^^^^^^^^^^^^^^^^^^^^^^^^^^^^^^^^^^^^^^^^^^^^^^^
  File "C:\Users\nilam\chess_webapp\venv\Lib\site-packages\flask_login\utils.py", line 290, in decorated_view
    return current_app.ensure_sync(func)(*args, **kwargs)
           ^^^^^^^^^^^^^^^^^^^^^^^^^^^^^^^^^^^^^^^^^^^^^^
  File "C:\Users\nilam\chess_webapp\app.py", line 320, in logout
    app.logger.info(f"User logged out: user_id={current_user.id}")
                                                ^^^^^^^^^^^^^^^
AttributeError: 'AnonymousUserMixin' object has no attribute 'id'
User logged in: username=sidd2015
Saved game to database: game_id=37, user_id=4
Loaded game from database: game_id=37, user_id=4
Stockfish initialized from ./stockfish.exe
Stockfish engine closed
Loaded game from database: game_id=37, user_id=4
Stockfish initialized from ./stockfish.exe
Stockfish engine closed
Loaded game from database: game_id=37, user_id=4
Loaded game from database: game_id=37, user_id=4
Stockfish initialized from ./stockfish.exe
Stockfish engine closed
Loaded game from database: game_id=37, user_id=4
Stockfish initialized from ./stockfish.exe
Player moved: e2e4, turn=Black, FEN=rnbqkbnr/pppppppp/8/8/4P3/8/PPPP1PPP/RNBQKBNR b KQkq - 0 1
AI moved: c7c5, turn=White, FEN=rnbqkbnr/pp1ppppp/8/2p5/4P3/8/PPPP1PPP/RNBQKBNR w KQkq - 0 2
Saved game to database: game_id=37, user_id=4
Saved game to database: game_id=37, user_id=4
Cleaned up old games
Stockfish engine closed
Loaded game from database: game_id=37, user_id=4
Stockfish initialized from ./stockfish.exe
Hint requested: player_color=White, turn=White, FEN=rnbqkbnr/pp1ppppp/8/2p5/4P3/8/PPPP1PPP/RNBQKBNR w KQkq - 0 2
Hint for White (direct): g1f3
Stockfish engine closed
Loaded game from database: game_id=37, user_id=4
Stockfish initialized from ./stockfish.exe
Player moved: g1f3, turn=Black, FEN=rnbqkbnr/pp1ppppp/8/2p5/4P3/5N2/PPPP1PPP/RNBQKB1R b KQkq - 1 2
AI moved: b8c6, turn=White, FEN=r1bqkbnr/pp1ppppp/2n5/2p5/4P3/5N2/PPPP1PPP/RNBQKB1R w KQkq - 2 3
Saved game to database: game_id=37, user_id=4
Saved game to database: game_id=37, user_id=4
Cleaned up old games
Stockfish engine closed
Loaded game from database: game_id=37, user_id=4
Stockfish initialized from ./stockfish.exe
Hint requested: player_color=White, turn=White, FEN=r1bqkbnr/pp1ppppp/2n5/2p5/4P3/5N2/PPPP1PPP/RNBQKB1R w KQkq - 2 3
Hint for White (direct): d2d4
Stockfish engine closed
Loaded game from database: game_id=37, user_id=4
Stockfish initialized from ./stockfish.exe
Player moved: d2d4, turn=Black, FEN=r1bqkbnr/pp1ppppp/2n5/2p5/3PP3/5N2/PPP2PPP/RNBQKB1R b KQkq - 0 3
AI moved: c5d4, turn=White, FEN=r1bqkbnr/pp1ppppp/2n5/8/3pP3/5N2/PPP2PPP/RNBQKB1R w KQkq - 0 4
Saved game to database: game_id=37, user_id=4
Saved game to database: game_id=37, user_id=4
Cleaned up old games
Stockfish engine closed
Loaded game from database: game_id=37, user_id=4
Stockfish initialized from ./stockfish.exe
Hint requested: player_color=White, turn=White, FEN=r1bqkbnr/pp1ppppp/2n5/8/3pP3/5N2/PPP2PPP/RNBQKB1R w KQkq - 0 4
Hint for White (direct): f3d4
Stockfish engine closed
Loaded game from database: game_id=37, user_id=4
Stockfish initialized from ./stockfish.exe
Player moved: f3d4, turn=Black, FEN=r1bqkbnr/pp1ppppp/2n5/8/3NP3/8/PPP2PPP/RNBQKB1R b KQkq - 0 4
AI moved: g8f6, turn=White, FEN=r1bqkb1r/pp1ppppp/2n2n2/8/3NP3/8/PPP2PPP/RNBQKB1R w KQkq - 1 5
Saved game to database: game_id=37, user_id=4
Saved game to database: game_id=37, user_id=4
Cleaned up old games
Stockfish engine closed
Loaded game from database: game_id=37, user_id=4
Stockfish initialized from ./stockfish.exe
Hint requested: player_color=White, turn=White, FEN=r1bqkb1r/pp1ppppp/2n2n2/8/3NP3/8/PPP2PPP/RNBQKB1R w KQkq - 1 5
Hint for White (direct): b1c3
Stockfish engine closed
Loaded game from database: game_id=37, user_id=4
Stockfish initialized from ./stockfish.exe
Player moved: b1c3, turn=Black, FEN=r1bqkb1r/pp1ppppp/2n2n2/8/3NP3/2N5/PPP2PPP/R1BQKB1R b KQkq - 2 5
AI moved: e7e6, turn=White, FEN=r1bqkb1r/pp1p1ppp/2n1pn2/8/3NP3/2N5/PPP2PPP/R1BQKB1R w KQkq - 0 6
Saved game to database: game_id=37, user_id=4
Saved game to database: game_id=37, user_id=4
Cleaned up old games
Stockfish engine closed
Loaded game from database: game_id=37, user_id=4
Stockfish initialized from ./stockfish.exe
Hint requested: player_color=White, turn=White, FEN=r1bqkb1r/pp1p1ppp/2n1pn2/8/3NP3/2N5/PPP2PPP/R1BQKB1R w KQkq - 0 6
Hint for White (direct): d4c6
Stockfish engine closed
Loaded game from database: game_id=37, user_id=4
Stockfish initialized from ./stockfish.exe
Player moved: d4c6, turn=Black, FEN=r1bqkb1r/pp1p1ppp/2N1pn2/8/4P3/2N5/PPP2PPP/R1BQKB1R b KQkq - 0 6
AI moved: b7c6, turn=White, FEN=r1bqkb1r/p2p1ppp/2p1pn2/8/4P3/2N5/PPP2PPP/R1BQKB1R w KQkq - 0 7
Saved game to database: game_id=37, user_id=4
Saved game to database: game_id=37, user_id=4
Cleaned up old games
Stockfish engine closed
Loaded game from database: game_id=37, user_id=4
Stockfish initialized from ./stockfish.exe
Player moved: f2f3, turn=Black, FEN=r1bqkb1r/p2p1ppp/2p1pn2/8/4P3/2N2P2/PPP3PP/R1BQKB1R b KQkq - 0 7
AI moved: d7d5, turn=White, FEN=r1bqkb1r/p4ppp/2p1pn2/3p4/4P3/2N2P2/PPP3PP/R1BQKB1R w KQkq - 0 8
Saved game to database: game_id=37, user_id=4
Saved game to database: game_id=37, user_id=4
Cleaned up old games
Stockfish engine closed
Loaded game from database: game_id=37, user_id=4
Stockfish initialized from ./stockfish.exe
Player moved: d1e2, turn=Black, FEN=r1bqkb1r/p4ppp/2p1pn2/3p4/4P3/2N2P2/PPP1Q1PP/R1B1KB1R b KQkq - 1 8
AI moved: d8c7, turn=White, FEN=r1b1kb1r/p1q2ppp/2p1pn2/3p4/4P3/2N2P2/PPP1Q1PP/R1B1KB1R w KQkq - 2 9
Saved game to database: game_id=37, user_id=4
Saved game to database: game_id=37, user_id=4
Cleaned up old games
Stockfish engine closed
Loaded game from database: game_id=37, user_id=4
Stockfish initialized from ./stockfish.exe
Player moved: e2c4, turn=Black, FEN=r1b1kb1r/p1q2ppp/2p1pn2/3p4/2Q1P3/2N2P2/PPP3PP/R1B1KB1R b KQkq - 3 9
AI moved: d5c4, turn=White, FEN=r1b1kb1r/p1q2ppp/2p1pn2/8/2p1P3/2N2P2/PPP3PP/R1B1KB1R w KQkq - 0 10
Saved game to database: game_id=37, user_id=4
Saved game to database: game_id=37, user_id=4
Cleaned up old games
Stockfish engine closed
Loaded game from database: game_id=37, user_id=4
Stockfish initialized from ./stockfish.exe
Player moved: f1c4, turn=Black, FEN=r1b1kb1r/p1q2ppp/2p1pn2/8/2B1P3/2N2P2/PPP3PP/R1B1K2R b KQkq - 0 10
AI moved: f8d6, turn=White, FEN=r1b1k2r/p1q2ppp/2pbpn2/8/2B1P3/2N2P2/PPP3PP/R1B1K2R w KQkq - 1 11
Saved game to database: game_id=37, user_id=4
Saved game to database: game_id=37, user_id=4
Cleaned up old games
Stockfish engine closed
Loaded game from database: game_id=37, user_id=4
Stockfish initialized from ./stockfish.exe
Player moved: c1g5, turn=Black, FEN=r1b1k2r/p1q2ppp/2pbpn2/6B1/2B1P3/2N2P2/PPP3PP/R3K2R b KQkq - 2 11
AI moved: d6f4, turn=White, FEN=r1b1k2r/p1q2ppp/2p1pn2/6B1/2B1Pb2/2N2P2/PPP3PP/R3K2R w KQkq - 3 12
Saved game to database: game_id=37, user_id=4
Saved game to database: game_id=37, user_id=4
Cleaned up old games
Stockfish engine closed
Loaded game from database: game_id=37, user_id=4
Stockfish initialized from ./stockfish.exe
Player moved: g5f4, turn=Black, FEN=r1b1k2r/p1q2ppp/2p1pn2/8/2B1PB2/2N2P2/PPP3PP/R3K2R b KQkq - 0 12
AI moved: c7f4, turn=White, FEN=r1b1k2r/p4ppp/2p1pn2/8/2B1Pq2/2N2P2/PPP3PP/R3K2R w KQkq - 0 13
Saved game to database: game_id=37, user_id=4
Saved game to database: game_id=37, user_id=4
Cleaned up old games
Stockfish engine closed
Loaded game from database: game_id=37, user_id=4
Stockfish initialized from ./stockfish.exe
Player moved: e1g1, turn=Black, FEN=r1b1k2r/p4ppp/2p1pn2/8/2B1Pq2/2N2P2/PPP3PP/R4RK1 b kq - 1 13
AI moved: e8g8, turn=White, FEN=r1b2rk1/p4ppp/2p1pn2/8/2B1Pq2/2N2P2/PPP3PP/R4RK1 w - - 2 14
Saved game to database: game_id=37, user_id=4
Saved game to database: game_id=37, user_id=4
Cleaned up old games
Stockfish engine closed
Loaded game from database: game_id=37, user_id=4
Stockfish initialized from ./stockfish.exe
Hint requested: player_color=White, turn=White, FEN=r1b2rk1/p4ppp/2p1pn2/8/2B1Pq2/2N2P2/PPP3PP/R4RK1 w - - 2 14
Hint for White (direct): f1d1
Stockfish engine closed
Loaded game from database: game_id=37, user_id=4
Stockfish initialized from ./stockfish.exe
Player moved: f1d1, turn=Black, FEN=r1b2rk1/p4ppp/2p1pn2/8/2B1Pq2/2N2P2/PPP3PP/R2R2K1 b - - 3 14
AI moved: f4e3, turn=White, FEN=r1b2rk1/p4ppp/2p1pn2/8/2B1P3/2N1qP2/PPP3PP/R2R2K1 w - - 4 15
Saved game to database: game_id=37, user_id=4
Saved game to database: game_id=37, user_id=4
Cleaned up old games
Stockfish engine closed
Loaded game from database: game_id=37, user_id=4
Stockfish initialized from ./stockfish.exe
Hint requested: player_color=White, turn=White, FEN=r1b2rk1/p4ppp/2p1pn2/8/2B1P3/2N1qP2/PPP3PP/R2R2K1 w - - 4 15
Hint for White (direct): g1h1
Stockfish engine closed
Loaded game from database: game_id=37, user_id=4
Stockfish initialized from ./stockfish.exe
Player moved: g1h1, turn=Black, FEN=r1b2rk1/p4ppp/2p1pn2/8/2B1P3/2N1qP2/PPP3PP/R2R3K b - - 5 15
AI moved: e3c5, turn=White, FEN=r1b2rk1/p4ppp/2p1pn2/2q5/2B1P3/2N2P2/PPP3PP/R2R3K w - - 6 16
Saved game to database: game_id=37, user_id=4
Saved game to database: game_id=37, user_id=4
Cleaned up old games
Stockfish engine closed
Loaded game from database: game_id=37, user_id=4
Loaded game from database: game_id=37, user_id=4
Stockfish initialized from ./stockfish.exe
Stockfish engine closed
Loaded game from database: game_id=37, user_id=4
Saved game to database: game_id=37, user_id=4
Exception on /logout [POST]
Traceback (most recent call last):
  File "C:\Users\nilam\chess_webapp\venv\Lib\site-packages\flask\app.py", line 1511, in wsgi_app
    response = self.full_dispatch_request()
               ^^^^^^^^^^^^^^^^^^^^^^^^^^^^
  File "C:\Users\nilam\chess_webapp\venv\Lib\site-packages\flask\app.py", line 919, in full_dispatch_request
    rv = self.handle_user_exception(e)
         ^^^^^^^^^^^^^^^^^^^^^^^^^^^^^
  File "C:\Users\nilam\chess_webapp\venv\Lib\site-packages\flask\app.py", line 917, in full_dispatch_request
    rv = self.dispatch_request()
         ^^^^^^^^^^^^^^^^^^^^^^^
  File "C:\Users\nilam\chess_webapp\venv\Lib\site-packages\flask\app.py", line 902, in dispatch_request
    return self.ensure_sync(self.view_functions[rule.endpoint])(**view_args)  # type: ignore[no-any-return]
           ^^^^^^^^^^^^^^^^^^^^^^^^^^^^^^^^^^^^^^^^^^^^^^^^^^^^^^^^^^^^^^^^^
  File "C:\Users\nilam\chess_webapp\venv\Lib\site-packages\flask_login\utils.py", line 290, in decorated_view
    return current_app.ensure_sync(func)(*args, **kwargs)
           ^^^^^^^^^^^^^^^^^^^^^^^^^^^^^^^^^^^^^^^^^^^^^^
  File "C:\Users\nilam\chess_webapp\app.py", line 320, in logout
    app.logger.info(f"User logged out: user_id={current_user.id}")
                                                ^^^^^^^^^^^^^^^
AttributeError: 'AnonymousUserMixin' object has no attribute 'id'
User logged in: username=sidd2015
Saved game to database: game_id=38, user_id=4
Loaded game from database: game_id=38, user_id=4
Stockfish initialized from ./stockfish.exe
Stockfish engine closed
Loaded game from database: game_id=38, user_id=4
Loaded game from database: game_id=38, user_id=4
Stockfish initialized from ./stockfish.exe
Stockfish engine closed
Loaded game from database: game_id=38, user_id=4
Loaded game from database: game_id=38, user_id=4
Stockfish initialized from ./stockfish.exe
Stockfish engine closed
Loaded game from database: game_id=38, user_id=4
Saved game to database: game_id=38, user_id=4
Exception on /logout [POST]
Traceback (most recent call last):
  File "C:\Users\nilam\chess_webapp\venv\Lib\site-packages\flask\app.py", line 1511, in wsgi_app
    response = self.full_dispatch_request()
               ^^^^^^^^^^^^^^^^^^^^^^^^^^^^
  File "C:\Users\nilam\chess_webapp\venv\Lib\site-packages\flask\app.py", line 919, in full_dispatch_request
    rv = self.handle_user_exception(e)
         ^^^^^^^^^^^^^^^^^^^^^^^^^^^^^
  File "C:\Users\nilam\chess_webapp\venv\Lib\site-packages\flask\app.py", line 917, in full_dispatch_request
    rv = self.dispatch_request()
         ^^^^^^^^^^^^^^^^^^^^^^^
  File "C:\Users\nilam\chess_webapp\venv\Lib\site-packages\flask\app.py", line 902, in dispatch_request
    return self.ensure_sync(self.view_functions[rule.endpoint])(**view_args)  # type: ignore[no-any-return]
           ^^^^^^^^^^^^^^^^^^^^^^^^^^^^^^^^^^^^^^^^^^^^^^^^^^^^^^^^^^^^^^^^^
  File "C:\Users\nilam\chess_webapp\venv\Lib\site-packages\flask_login\utils.py", line 290, in decorated_view
    return current_app.ensure_sync(func)(*args, **kwargs)
           ^^^^^^^^^^^^^^^^^^^^^^^^^^^^^^^^^^^^^^^^^^^^^^
  File "C:\Users\nilam\chess_webapp\app.py", line 320, in logout
    session.pop('game_id', None)
                                 
AttributeError: 'AnonymousUserMixin' object has no attribute 'id'
User logged in: username=sidd2015
Saved game to database: game_id=39, user_id=4
Loaded game from database: game_id=39, user_id=4
Stockfish initialized from ./stockfish.exe
Stockfish engine closed
Loaded game from database: game_id=39, user_id=4
Saved game to database: game_id=39, user_id=4
User logged out: user_id=4
User logged in: username=sidd2084
Saved game to database: game_id=40, user_id=3
Loaded game from database: game_id=40, user_id=3
Stockfish initialized from ./stockfish.exe
Stockfish engine closed
Loaded game from database: game_id=40, user_id=3
Saved game to database: game_id=40, user_id=3
User logged out: user_id=3
User logged in: username=sidd2084
Saved game to database: game_id=41, user_id=3
Loaded game from database: game_id=41, user_id=3
Stockfish initialized from ./stockfish.exe
Stockfish engine closed
Loaded game from database: game_id=41, user_id=3
Stockfish initialized from ./stockfish.exe
Hint requested: player_color=White, turn=White, FEN=rnbqkbnr/pppppppp/8/8/8/8/PPPPPPPP/RNBQKBNR w KQkq - 0 1
Hint for White (direct): e2e4
Stockfish engine closed
Loaded game from database: game_id=41, user_id=3
Stockfish initialized from ./stockfish.exe
Player moved: e2e4, turn=Black, FEN=rnbqkbnr/pppppppp/8/8/4P3/8/PPPP1PPP/RNBQKBNR b KQkq - 0 1
AI moved: c7c5, turn=White, FEN=rnbqkbnr/pp1ppppp/8/2p5/4P3/8/PPPP1PPP/RNBQKBNR w KQkq - 0 2
Saved game to database: game_id=41, user_id=3
Saved game to database: game_id=41, user_id=3
Cleaned up old games
Stockfish engine closed
Loaded game from database: game_id=41, user_id=3
Stockfish initialized from ./stockfish.exe
Hint requested: player_color=White, turn=White, FEN=rnbqkbnr/pp1ppppp/8/2p5/4P3/8/PPPP1PPP/RNBQKBNR w KQkq - 0 2
Hint for White (direct): g1f3
Stockfish engine closed
Loaded game from database: game_id=41, user_id=3
Stockfish initialized from ./stockfish.exe
Player moved: g1f3, turn=Black, FEN=rnbqkbnr/pp1ppppp/8/2p5/4P3/5N2/PPPP1PPP/RNBQKB1R b KQkq - 1 2
AI moved: b8c6, turn=White, FEN=r1bqkbnr/pp1ppppp/2n5/2p5/4P3/5N2/PPPP1PPP/RNBQKB1R w KQkq - 2 3
Saved game to database: game_id=41, user_id=3
Saved game to database: game_id=41, user_id=3
Cleaned up old games
Stockfish engine closed
Loaded game from database: game_id=41, user_id=3
Saved game to database: game_id=41, user_id=3
User logged out: user_id=3
Loaded game from database: game_id=22, user_id=3
Saved game to database: game_id=22, user_id=3
User logged out: user_id=3
Registration failed: Username already exists: sidd2084
User logged in: username=sidd2084
Saved game to database: game_id=42, user_id=3
Loaded game from database: game_id=42, user_id=3
Stockfish initialized from ./stockfish.exe
Stockfish engine closed
Loaded game from database: game_id=42, user_id=3
Stockfish initialized from ./stockfish.exe
Player moved: d2d4, turn=Black, FEN=rnbqkbnr/pppppppp/8/8/3P4/8/PPP1PPPP/RNBQKBNR b KQkq - 0 1
AI moved: d7d5, turn=White, FEN=rnbqkbnr/ppp1pppp/8/3p4/3P4/8/PPP1PPPP/RNBQKBNR w KQkq - 0 2
Saved game to database: game_id=42, user_id=3
Saved game to database: game_id=42, user_id=3
Cleaned up old games
Stockfish engine closed
Loaded game from database: game_id=42, user_id=3
Saved game to database: game_id=42, user_id=3
User logged out: user_id=3
User logged in: username=sidd2015
Saved game to database: game_id=43, user_id=4
Loaded game from database: game_id=43, user_id=4
Stockfish initialized from ./stockfish.exe
Stockfish engine closed
Loaded game from database: game_id=43, user_id=4
Saved game to database: game_id=43, user_id=4
User logged out: user_id=4
User logged in: username=sidd2084
Saved game to database: game_id=44, user_id=3
Loaded game from database: game_id=44, user_id=3
Stockfish initialized from ./stockfish.exe
Stockfish engine closed
Loaded game from database: game_id=44, user_id=3
Loaded game from database: game_id=44, user_id=3
Stockfish initialized from ./stockfish.exe
Stockfish engine closed
Loaded game from database: game_id=44, user_id=3
Saved game to database: game_id=44, user_id=3
User logged out: user_id=3
User logged in: username=sidd2084
Saved game to database: game_id=45, user_id=3
Loaded game from database: game_id=45, user_id=3
Stockfish initialized from ./stockfish.exe
Stockfish engine closed
Loaded game from database: game_id=45, user_id=3
Saved game to database: game_id=45, user_id=3
User logged out: user_id=3
User logged in: username=sidd2084
Saved game to database: game_id=46, user_id=3
Loaded game from database: game_id=46, user_id=3
Stockfish initialized from ./stockfish.exe
Stockfish engine closed
Loaded game from database: game_id=46, user_id=3
Loaded game from database: game_id=46, user_id=3
Stockfish initialized from ./stockfish.exe
Stockfish engine closed
Loaded game from database: game_id=46, user_id=3
Stockfish initialized from ./stockfish.exe
Stockfish difficulty set to Medium (Skill Level: 10)
Reset: player_color=White, turn=White, FEN=rnbqkbnr/pppppppp/8/8/8/8/PPPPPPPP/RNBQKBNR w KQkq - 0 1
Saved game to database: game_id=47, user_id=3
Saved game to database: game_id=47, user_id=3
Cleaned up old games
Stockfish engine closed
Retrieved 21 games for user_id=3
Retrieved 21 games for user_id=3
Loaded game from database: game_id=47, user_id=3
Loaded game from database: game_id=18, user_id=3
Saved game to database: game_id=18, user_id=3
Stockfish initialized from ./stockfish.exe
Stockfish engine closed
Loaded game from database: game_id=18, user_id=3
Saved game to database: game_id=18, user_id=3
User logged out: user_id=3
User logged in: username=sidd2084
Saved game to database: game_id=48, user_id=3
Loaded game from database: game_id=48, user_id=3
Stockfish initialized from ./stockfish.exe
Stockfish engine closed
Loaded game from database: game_id=48, user_id=3
Stockfish initialized from ./stockfish.exe
Hint requested: player_color=White, turn=White, FEN=rnbqkbnr/pppppppp/8/8/8/8/PPPPPPPP/RNBQKBNR w KQkq - 0 1
Hint for White (direct): e2e4
Stockfish engine closed
Loaded game from database: game_id=48, user_id=3
Stockfish initialized from ./stockfish.exe
Player moved: e2e4, turn=Black, FEN=rnbqkbnr/pppppppp/8/8/4P3/8/PPPP1PPP/RNBQKBNR b KQkq - 0 1
AI moved: c7c5, turn=White, FEN=rnbqkbnr/pp1ppppp/8/2p5/4P3/8/PPPP1PPP/RNBQKBNR w KQkq - 0 2
Saved game to database: game_id=48, user_id=3
Saved game to database: game_id=48, user_id=3
Cleaned up old games
Stockfish engine closed
Loaded game from database: game_id=48, user_id=3
Loaded game from database: game_id=48, user_id=3
Stockfish initialized from ./stockfish.exe
Stockfish engine closed
Loaded game from database: game_id=48, user_id=3
Saved game to database: game_id=48, user_id=3
User logged out: user_id=3
User logged in: username=sidd2084
Saved game to database: game_id=49, user_id=3
Loaded game from database: game_id=49, user_id=3
Stockfish initialized from ./stockfish.exe
Stockfish engine closed
Retrieved 23 games for user_id=3
